{"/home/travis/build/npmtest/node-npmtest-blueimp-file-upload-expressjs/test.js":{"path":"/home/travis/build/npmtest/node-npmtest-blueimp-file-upload-expressjs/test.js","s":{"1":2,"2":2,"3":2,"4":2,"5":2,"6":2,"7":2,"8":1,"9":2,"10":2,"11":1,"12":1,"13":1,"14":1,"15":2,"16":2,"17":2,"18":2,"19":1,"20":1,"21":2,"22":2,"23":2,"24":1,"25":1,"26":1,"27":1,"28":1,"29":1,"30":1,"31":1,"32":1,"33":1,"34":1,"35":1,"36":1,"37":1,"38":1,"39":2,"40":2,"41":1,"42":2,"43":2,"44":1,"45":2,"46":2,"47":1,"48":2,"49":2,"50":1,"51":1,"52":1,"53":1,"54":1},"b":{"1":[2,1,1,1],"2":[1,1,1,1],"3":[1,1],"4":[1,1],"5":[1,1],"6":[1,1],"7":[1,1],"8":[1,1],"9":[1,1],"10":[1,1,1],"11":[1,1],"12":[1,1],"13":[1,1],"14":[1,1],"15":[1,1],"16":[1,1],"17":[1,1]},"f":{"1":2,"2":2,"3":2,"4":2,"5":2,"6":1,"7":1,"8":1,"9":2,"10":2,"11":2,"12":2,"13":1},"fnMap":{"1":{"name":"(anonymous_1)","line":12,"loc":{"start":{"line":12,"column":1},"end":{"line":12,"column":13}}},"2":{"name":"(anonymous_2)","line":19,"loc":{"start":{"line":19,"column":5},"end":{"line":19,"column":17}}},"3":{"name":"(anonymous_3)","line":23,"loc":{"start":{"line":23,"column":24},"end":{"line":23,"column":36}}},"4":{"name":"(anonymous_4)","line":61,"loc":{"start":{"line":61,"column":5},"end":{"line":61,"column":17}}},"5":{"name":"(anonymous_5)","line":82,"loc":{"start":{"line":82,"column":5},"end":{"line":82,"column":17}}},"6":{"name":"(anonymous_6)","line":91,"loc":{"start":{"line":91,"column":77},"end":{"line":94,"column":10}}},"7":{"name":"(anonymous_7)","line":112,"loc":{"start":{"line":112,"column":83},"end":{"line":115,"column":10}},"skip":true},"8":{"name":"(anonymous_8)","line":123,"loc":{"start":{"line":123,"column":77},"end":{"line":126,"column":10}},"skip":true},"9":{"name":"(anonymous_9)","line":139,"loc":{"start":{"line":139,"column":12},"end":{"line":139,"column":40}},"skip":true},"10":{"name":"(anonymous_10)","line":147,"loc":{"start":{"line":147,"column":77},"end":{"line":150,"column":10}},"skip":true},"11":{"name":"(anonymous_11)","line":158,"loc":{"start":{"line":158,"column":83},"end":{"line":161,"column":10}},"skip":true},"12":{"name":"(anonymous_12)","line":169,"loc":{"start":{"line":169,"column":79},"end":{"line":172,"column":10}},"skip":true},"13":{"name":"(anonymous_13)","line":180,"loc":{"start":{"line":180,"column":75},"end":{"line":183,"column":10}},"skip":true}},"statementMap":{"1":{"start":{"line":12,"column":0},"end":{"line":195,"column":5}},"2":{"start":{"line":14,"column":4},"end":{"line":14,"column":14}},"3":{"start":{"line":19,"column":4},"end":{"line":56,"column":9}},"4":{"start":{"line":21,"column":8},"end":{"line":21,"column":19}},"5":{"start":{"line":23,"column":8},"end":{"line":35,"column":13}},"6":{"start":{"line":24,"column":12},"end":{"line":34,"column":13}},"7":{"start":{"line":25,"column":16},"end":{"line":28,"column":30}},"8":{"start":{"line":30,"column":16},"end":{"line":33,"column":27}},"9":{"start":{"line":37,"column":8},"end":{"line":39,"column":21}},"10":{"start":{"line":40,"column":8},"end":{"line":53,"column":9}},"11":{"start":{"line":43,"column":12},"end":{"line":46,"column":14}},"12":{"start":{"line":47,"column":12},"end":{"line":47,"column":18}},"13":{"start":{"line":50,"column":12},"end":{"line":51,"column":33}},"14":{"start":{"line":52,"column":12},"end":{"line":52,"column":18}},"15":{"start":{"line":55,"column":8},"end":{"line":55,"column":35}},"16":{"start":{"line":61,"column":4},"end":{"line":63,"column":9}},"17":{"start":{"line":62,"column":8},"end":{"line":62,"column":15}},"18":{"start":{"line":64,"column":4},"end":{"line":77,"column":5}},"19":{"start":{"line":70,"column":8},"end":{"line":70,"column":14}},"20":{"start":{"line":76,"column":8},"end":{"line":76,"column":14}},"21":{"start":{"line":82,"column":4},"end":{"line":84,"column":9}},"22":{"start":{"line":83,"column":8},"end":{"line":83,"column":15}},"23":{"start":{"line":85,"column":4},"end":{"line":194,"column":5}},"24":{"start":{"line":91,"column":8},"end":{"line":99,"column":10}},"25":{"start":{"line":98,"column":12},"end":{"line":98,"column":35}},"26":{"start":{"line":102,"column":8},"end":{"line":104,"column":63}},"27":{"start":{"line":105,"column":8},"end":{"line":105,"column":14}},"28":{"start":{"line":112,"column":8},"end":{"line":121,"column":10},"skip":true},"29":{"start":{"line":119,"column":12},"end":{"line":119,"column":55},"skip":true},"30":{"start":{"line":120,"column":12},"end":{"line":120,"column":48},"skip":true},"31":{"start":{"line":123,"column":8},"end":{"line":136,"column":10},"skip":true},"32":{"start":{"line":130,"column":12},"end":{"line":130,"column":76},"skip":true},"33":{"start":{"line":131,"column":12},"end":{"line":131,"column":73},"skip":true},"34":{"start":{"line":132,"column":12},"end":{"line":132,"column":74},"skip":true},"35":{"start":{"line":133,"column":12},"end":{"line":133,"column":79},"skip":true},"36":{"start":{"line":134,"column":12},"end":{"line":134,"column":25},"skip":true},"37":{"start":{"line":135,"column":12},"end":{"line":135,"column":45},"skip":true},"38":{"start":{"line":138,"column":8},"end":{"line":145,"column":14},"skip":true},"39":{"start":{"line":143,"column":16},"end":{"line":143,"column":29},"skip":true},"40":{"start":{"line":144,"column":16},"end":{"line":144,"column":55},"skip":true},"41":{"start":{"line":147,"column":8},"end":{"line":156,"column":10},"skip":true},"42":{"start":{"line":154,"column":12},"end":{"line":154,"column":25},"skip":true},"43":{"start":{"line":155,"column":12},"end":{"line":155,"column":45},"skip":true},"44":{"start":{"line":158,"column":8},"end":{"line":167,"column":10},"skip":true},"45":{"start":{"line":165,"column":12},"end":{"line":165,"column":25},"skip":true},"46":{"start":{"line":166,"column":12},"end":{"line":166,"column":48},"skip":true},"47":{"start":{"line":169,"column":8},"end":{"line":178,"column":10},"skip":true},"48":{"start":{"line":176,"column":12},"end":{"line":176,"column":25},"skip":true},"49":{"start":{"line":177,"column":12},"end":{"line":177,"column":46},"skip":true},"50":{"start":{"line":180,"column":8},"end":{"line":189,"column":10},"skip":true},"51":{"start":{"line":187,"column":12},"end":{"line":187,"column":94},"skip":true},"52":{"start":{"line":188,"column":12},"end":{"line":188,"column":48},"skip":true},"53":{"start":{"line":192,"column":8},"end":{"line":192,"column":35},"skip":true},"54":{"start":{"line":193,"column":8},"end":{"line":193,"column":14},"skip":true}},"branchMap":{"1":{"line":25,"type":"binary-expr","locations":[{"start":{"line":25,"column":23},"end":{"line":25,"column":62}},{"start":{"line":26,"column":20},"end":{"line":26,"column":70}},{"start":{"line":27,"column":20},"end":{"line":27,"column":71}},{"start":{"line":28,"column":20},"end":{"line":28,"column":29}}]},"2":{"line":30,"type":"binary-expr","locations":[{"start":{"line":30,"column":23},"end":{"line":30,"column":37}},{"start":{"line":31,"column":20},"end":{"line":31,"column":61}},{"start":{"line":32,"column":20},"end":{"line":32,"column":70}},{"start":{"line":33,"column":20},"end":{"line":33,"column":26}}]},"3":{"line":37,"type":"cond-expr","locations":[{"start":{"line":38,"column":14},"end":{"line":38,"column":20}},{"start":{"line":39,"column":14},"end":{"line":39,"column":20}}]},"4":{"line":40,"type":"switch","locations":[{"start":{"line":42,"column":8},"end":{"line":47,"column":18}},{"start":{"line":49,"column":8},"end":{"line":52,"column":18}}]},"5":{"line":44,"type":"binary-expr","locations":[{"start":{"line":44,"column":16},"end":{"line":44,"column":44}},{"start":{"line":44,"column":48},"end":{"line":44,"column":66}}]},"6":{"line":50,"type":"binary-expr","locations":[{"start":{"line":50,"column":21},"end":{"line":50,"column":49}},{"start":{"line":50,"column":53},"end":{"line":50,"column":72}}]},"7":{"line":64,"type":"switch","locations":[{"start":{"line":69,"column":4},"end":{"line":70,"column":14}},{"start":{"line":75,"column":4},"end":{"line":76,"column":14}}]},"8":{"line":85,"type":"switch","locations":[{"start":{"line":90,"column":4},"end":{"line":105,"column":14}},{"start":{"line":111,"column":4},"end":{"line":193,"column":14},"skip":true}]},"9":{"line":91,"type":"binary-expr","locations":[{"start":{"line":91,"column":42},"end":{"line":91,"column":73}},{"start":{"line":91,"column":77},"end":{"line":99,"column":9}}]},"10":{"line":102,"type":"binary-expr","locations":[{"start":{"line":102,"column":18},"end":{"line":102,"column":32}},{"start":{"line":103,"column":12},"end":{"line":103,"column":53}},{"start":{"line":104,"column":12},"end":{"line":104,"column":61}}]},"11":{"line":112,"type":"binary-expr","locations":[{"start":{"line":112,"column":45},"end":{"line":112,"column":79},"skip":true},{"start":{"line":112,"column":83},"end":{"line":121,"column":9},"skip":true}]},"12":{"line":123,"type":"binary-expr","locations":[{"start":{"line":123,"column":42},"end":{"line":123,"column":73},"skip":true},{"start":{"line":123,"column":77},"end":{"line":136,"column":9},"skip":true}]},"13":{"line":138,"type":"binary-expr","locations":[{"start":{"line":138,"column":48},"end":{"line":138,"column":85},"skip":true},{"start":{"line":139,"column":12},"end":{"line":145,"column":13},"skip":true}]},"14":{"line":147,"type":"binary-expr","locations":[{"start":{"line":147,"column":42},"end":{"line":147,"column":73},"skip":true},{"start":{"line":147,"column":77},"end":{"line":156,"column":9},"skip":true}]},"15":{"line":158,"type":"binary-expr","locations":[{"start":{"line":158,"column":45},"end":{"line":158,"column":79},"skip":true},{"start":{"line":158,"column":83},"end":{"line":167,"column":9},"skip":true}]},"16":{"line":169,"type":"binary-expr","locations":[{"start":{"line":169,"column":43},"end":{"line":169,"column":75},"skip":true},{"start":{"line":169,"column":79},"end":{"line":178,"column":9},"skip":true}]},"17":{"line":180,"type":"binary-expr","locations":[{"start":{"line":180,"column":41},"end":{"line":180,"column":71},"skip":true},{"start":{"line":180,"column":75},"end":{"line":189,"column":9},"skip":true}]}},"code":["/* istanbul instrument in package npmtest_blueimp_file_upload_expressjs */","/*jslint","    bitwise: true,","    browser: true,","    maxerr: 8,","    maxlen: 96,","    node: true,","    nomen: true,","    regexp: true,","    stupid: true","*/","(function () {","    'use strict';","    var local;","","","","    // run shared js-env code - pre-init","    (function () {","        // init local","        local = {};","        // init modeJs","        local.modeJs = (function () {","            try {","                return typeof navigator.userAgent === 'string' &&","                    typeof document.querySelector('body') === 'object' &&","                    typeof XMLHttpRequest.prototype.open === 'function' &&","                    'browser';","            } catch (errorCaughtBrowser) {","                return module.exports &&","                    typeof process.versions.node === 'string' &&","                    typeof require('http').createServer === 'function' &&","                    'node';","            }","        }());","        // init global","        local.global = local.modeJs === 'browser'","            ? window","            : global;","        switch (local.modeJs) {","        // re-init local from window.local","        case 'browser':","            local = local.global.utility2.objectSetDefault(","                local.global.utility2_rollup || local.global.local,","                local.global.utility2","            );","            break;","        // re-init local from example.js","        case 'node':","            local = (local.global.utility2_rollup || require('utility2'))","                .requireReadme();","            break;","        }","        // export local","        local.global.local = local;","    }());","","","","    // run shared js-env code - function","    (function () {","        return;","    }());","    switch (local.modeJs) {","","","","    // run browser js-env code - function","    case 'browser':","        break;","","","","    // run node js-env code - function","    case 'node':","        break;","    }","","","","    // run shared js-env code - post-init","    (function () {","        return;","    }());","    switch (local.modeJs) {","","","","    // run browser js-env code - post-init","    case 'browser':","        local.testCase_browser_nullCase = local.testCase_browser_nullCase || function (","            options,","            onError","        ) {","        /*","         * this function will test browsers's null-case handling-behavior-behavior","         */","            onError(null, options);","        };","","        // run tests","        local.nop(local.modeTest &&","            document.querySelector('#testRunButton1') &&","            document.querySelector('#testRunButton1').click());","        break;","","","","    // run node js-env code - post-init","    /* istanbul ignore next */","    case 'node':","        local.testCase_buildApidoc_default = local.testCase_buildApidoc_default || function (","            options,","            onError","        ) {","        /*","         * this function will test buildApidoc's default handling-behavior-behavior","         */","            options = { modulePathList: module.paths };","            local.buildApidoc(options, onError);","        };","","        local.testCase_buildApp_default = local.testCase_buildApp_default || function (","            options,","            onError","        ) {","        /*","         * this function will test buildApp's default handling-behavior-behavior","         */","            local.testCase_buildReadme_default(options, local.onErrorThrow);","            local.testCase_buildLib_default(options, local.onErrorThrow);","            local.testCase_buildTest_default(options, local.onErrorThrow);","            local.testCase_buildCustomOrg_default(options, local.onErrorThrow);","            options = [];","            local.buildApp(options, onError);","        };","","        local.testCase_buildCustomOrg_default = local.testCase_buildCustomOrg_default ||","            function (options, onError) {","            /*","             * this function will test buildCustomOrg's default handling-behavior","             */","                options = {};","                local.buildCustomOrg(options, onError);","            };","","        local.testCase_buildLib_default = local.testCase_buildLib_default || function (","            options,","            onError","        ) {","        /*","         * this function will test buildLib's default handling-behavior","         */","            options = {};","            local.buildLib(options, onError);","        };","","        local.testCase_buildReadme_default = local.testCase_buildReadme_default || function (","            options,","            onError","        ) {","        /*","         * this function will test buildReadme's default handling-behavior-behavior","         */","            options = {};","            local.buildReadme(options, onError);","        };","","        local.testCase_buildTest_default = local.testCase_buildTest_default || function (","            options,","            onError","        ) {","        /*","         * this function will test buildTest's default handling-behavior","         */","            options = {};","            local.buildTest(options, onError);","        };","","        local.testCase_webpage_default = local.testCase_webpage_default || function (","            options,","            onError","        ) {","        /*","         * this function will test webpage's default handling-behavior","         */","            options = { modeCoverageMerge: true, url: local.serverLocalHost + '?modeTest=1' };","            local.browserTest(options, onError);","        };","","        // run test-server","        local.testRunServer(local);","        break;","    }","}());",""],"l":{"12":2,"14":2,"19":2,"21":2,"23":2,"24":2,"25":2,"30":1,"37":2,"40":2,"43":1,"47":1,"50":1,"52":1,"55":2,"61":2,"62":2,"64":2,"70":1,"76":1,"82":2,"83":2,"85":2,"91":1,"98":1,"102":1,"105":1,"112":1,"119":1,"120":1,"123":1,"130":1,"131":1,"132":1,"133":1,"134":1,"135":1,"138":1,"143":2,"144":2,"147":1,"154":2,"155":2,"158":1,"165":2,"166":2,"169":1,"176":2,"177":2,"180":1,"187":1,"188":1,"192":1,"193":1}},"/home/travis/build/npmtest/node-npmtest-blueimp-file-upload-expressjs/lib.npmtest_blueimp_file_upload_expressjs.js":{"path":"/home/travis/build/npmtest/node-npmtest-blueimp-file-upload-expressjs/lib.npmtest_blueimp_file_upload_expressjs.js","s":{"1":2,"2":2,"3":2,"4":2,"5":2,"6":2,"7":2,"8":1,"9":2,"10":2,"11":2,"12":2,"13":1,"14":1,"15":1,"16":1},"b":{"1":[2,1,1,1],"2":[1,1,1,1],"3":[1,1],"4":[2,2],"5":[1,1]},"f":{"1":2,"2":2,"3":2},"fnMap":{"1":{"name":"(anonymous_1)","line":12,"loc":{"start":{"line":12,"column":1},"end":{"line":12,"column":13}}},"2":{"name":"(anonymous_2)","line":19,"loc":{"start":{"line":19,"column":5},"end":{"line":19,"column":17}}},"3":{"name":"(anonymous_3)","line":23,"loc":{"start":{"line":23,"column":24},"end":{"line":23,"column":36}}}},"statementMap":{"1":{"start":{"line":12,"column":0},"end":{"line":53,"column":5}},"2":{"start":{"line":14,"column":4},"end":{"line":14,"column":14}},"3":{"start":{"line":19,"column":4},"end":{"line":52,"column":9}},"4":{"start":{"line":21,"column":8},"end":{"line":21,"column":19}},"5":{"start":{"line":23,"column":8},"end":{"line":35,"column":13}},"6":{"start":{"line":24,"column":12},"end":{"line":34,"column":13}},"7":{"start":{"line":25,"column":16},"end":{"line":28,"column":30}},"8":{"start":{"line":30,"column":16},"end":{"line":33,"column":27}},"9":{"start":{"line":37,"column":8},"end":{"line":39,"column":21}},"10":{"start":{"line":41,"column":8},"end":{"line":41,"column":54}},"11":{"start":{"line":43,"column":8},"end":{"line":43,"column":74}},"12":{"start":{"line":45,"column":8},"end":{"line":51,"column":9}},"13":{"start":{"line":46,"column":12},"end":{"line":46,"column":80}},"14":{"start":{"line":48,"column":12},"end":{"line":48,"column":35}},"15":{"start":{"line":49,"column":12},"end":{"line":49,"column":49}},"16":{"start":{"line":50,"column":12},"end":{"line":50,"column":43}}},"branchMap":{"1":{"line":25,"type":"binary-expr","locations":[{"start":{"line":25,"column":23},"end":{"line":25,"column":62}},{"start":{"line":26,"column":20},"end":{"line":26,"column":70}},{"start":{"line":27,"column":20},"end":{"line":27,"column":71}},{"start":{"line":28,"column":20},"end":{"line":28,"column":29}}]},"2":{"line":30,"type":"binary-expr","locations":[{"start":{"line":30,"column":23},"end":{"line":30,"column":37}},{"start":{"line":31,"column":20},"end":{"line":31,"column":61}},{"start":{"line":32,"column":20},"end":{"line":32,"column":70}},{"start":{"line":33,"column":20},"end":{"line":33,"column":26}}]},"3":{"line":37,"type":"cond-expr","locations":[{"start":{"line":38,"column":14},"end":{"line":38,"column":20}},{"start":{"line":39,"column":14},"end":{"line":39,"column":20}}]},"4":{"line":41,"type":"binary-expr","locations":[{"start":{"line":41,"column":16},"end":{"line":41,"column":44}},{"start":{"line":41,"column":48},"end":{"line":41,"column":53}}]},"5":{"line":45,"type":"if","locations":[{"start":{"line":45,"column":8},"end":{"line":45,"column":8}},{"start":{"line":45,"column":8},"end":{"line":45,"column":8}}]}},"code":["/* istanbul instrument in package npmtest_blueimp_file_upload_expressjs */","/*jslint","    bitwise: true,","    browser: true,","    maxerr: 8,","    maxlen: 96,","    node: true,","    nomen: true,","    regexp: true,","    stupid: true","*/","(function () {","    'use strict';","    var local;","","","","    // run shared js-env code - pre-init","    (function () {","        // init local","        local = {};","        // init modeJs","        local.modeJs = (function () {","            try {","                return typeof navigator.userAgent === 'string' &&","                    typeof document.querySelector('body') === 'object' &&","                    typeof XMLHttpRequest.prototype.open === 'function' &&","                    'browser';","            } catch (errorCaughtBrowser) {","                return module.exports &&","                    typeof process.versions.node === 'string' &&","                    typeof require('http').createServer === 'function' &&","                    'node';","            }","        }());","        // init global","        local.global = local.modeJs === 'browser'","            ? window","            : global;","        // init utility2_rollup","        local = local.global.utility2_rollup || local;","        // init lib","        local.local = local.npmtest_blueimp_file_upload_expressjs = local;","        // init exports","        if (local.modeJs === 'browser') {","            local.global.utility2_npmtest_blueimp_file_upload_expressjs = local;","        } else {","            module.exports = local;","            module.exports.__dirname = __dirname;","            module.exports.module = module;","        }","    }());","}());",""],"l":{"12":2,"14":2,"19":2,"21":2,"23":2,"24":2,"25":2,"30":1,"37":2,"41":2,"43":2,"45":2,"46":1,"48":1,"49":1,"50":1}},"/home/travis/build/npmtest/node-npmtest-blueimp-file-upload-expressjs/example.js":{"path":"/home/travis/build/npmtest/node-npmtest-blueimp-file-upload-expressjs/example.js","s":{"1":2,"2":2,"3":2,"4":2,"5":2,"6":2,"7":2,"8":1,"9":2,"10":2,"11":2,"12":2,"13":1,"14":2,"15":2,"16":2,"17":2,"18":2,"19":0,"20":2,"21":1,"22":1,"23":1,"24":1,"25":1,"26":0,"27":0,"28":1,"29":1,"30":2,"31":0,"32":0,"33":0,"34":1,"35":2,"36":2,"37":3,"38":3,"39":3,"40":3,"41":0,"42":3,"43":3,"44":3,"45":1,"46":3,"47":1,"48":1,"49":1,"50":1,"51":1,"52":1,"53":1,"54":1,"55":1,"56":1,"57":0,"58":1,"59":6,"60":6,"61":1,"62":2,"63":0,"64":2,"65":1,"66":1,"67":0,"68":0,"69":0,"70":0,"71":0,"72":0,"73":0,"74":0,"75":0,"76":0,"77":0,"78":0,"79":0,"80":0,"81":0,"82":0,"83":0},"b":{"1":[2,1,1,1],"2":[1,1,1,1],"3":[1,1],"4":[2,2],"5":[1,1],"6":[1,1],"7":[2,0],"8":[2,1,1,1,1,1],"9":[0,2,0],"10":[1,1],"11":[2,1,1],"12":[1,0],"13":[0,2],"14":[2,0,0,0,0,0,0],"15":[0,3],"16":[3,0],"17":[1,1],"18":[0,1],"19":[1,2,0,2],"20":[1,0],"21":[1,1],"22":[0,0],"23":[0,0],"24":[0,0],"25":[0,0],"26":[0,0],"27":[0,0],"28":[0,0]},"f":{"1":2,"2":2,"3":2,"4":2,"5":2,"6":2,"7":3,"8":3,"9":3,"10":1,"11":6,"12":0},"fnMap":{"1":{"name":"(anonymous_1)","line":26,"loc":{"start":{"line":26,"column":1},"end":{"line":26,"column":13}}},"2":{"name":"(anonymous_2)","line":33,"loc":{"start":{"line":33,"column":5},"end":{"line":33,"column":17}}},"3":{"name":"(anonymous_3)","line":37,"loc":{"start":{"line":37,"column":24},"end":{"line":37,"column":36}}},"4":{"name":"(anonymous_4)","line":69,"loc":{"start":{"line":69,"column":31},"end":{"line":69,"column":48}},"skip":true},"5":{"name":"(anonymous_5)","line":78,"loc":{"start":{"line":78,"column":26},"end":{"line":78,"column":45}},"skip":true},"6":{"name":"(anonymous_6)","line":123,"loc":{"start":{"line":123,"column":33},"end":{"line":123,"column":48}},"skip":true},"7":{"name":"(anonymous_7)","line":125,"loc":{"start":{"line":125,"column":27},"end":{"line":125,"column":39}},"skip":true},"8":{"name":"(anonymous_8)","line":133,"loc":{"start":{"line":133,"column":59},"end":{"line":133,"column":74}},"skip":true},"9":{"name":"(anonymous_9)","line":143,"loc":{"start":{"line":143,"column":45},"end":{"line":143,"column":62}},"skip":true},"10":{"name":"(anonymous_10)","line":144,"loc":{"start":{"line":144,"column":73},"end":{"line":144,"column":92}},"skip":true},"11":{"name":"(anonymous_11)","line":272,"loc":{"start":{"line":272,"column":51},"end":{"line":272,"column":77}},"skip":true},"12":{"name":"(anonymous_12)","line":315,"loc":{"start":{"line":315,"column":32},"end":{"line":315,"column":61}},"skip":true}},"statementMap":{"1":{"start":{"line":26,"column":0},"end":{"line":326,"column":5}},"2":{"start":{"line":28,"column":4},"end":{"line":28,"column":14}},"3":{"start":{"line":33,"column":4},"end":{"line":60,"column":9}},"4":{"start":{"line":35,"column":8},"end":{"line":35,"column":19}},"5":{"start":{"line":37,"column":8},"end":{"line":49,"column":13}},"6":{"start":{"line":38,"column":12},"end":{"line":48,"column":13}},"7":{"start":{"line":39,"column":16},"end":{"line":42,"column":30}},"8":{"start":{"line":44,"column":16},"end":{"line":47,"column":27}},"9":{"start":{"line":51,"column":8},"end":{"line":53,"column":21}},"10":{"start":{"line":55,"column":8},"end":{"line":57,"column":45}},"11":{"start":{"line":59,"column":8},"end":{"line":59,"column":35}},"12":{"start":{"line":61,"column":4},"end":{"line":325,"column":5}},"13":{"start":{"line":69,"column":8},"end":{"line":121,"column":10},"skip":true},"14":{"start":{"line":70,"column":12},"end":{"line":88,"column":13},"skip":true},"15":{"start":{"line":76,"column":16},"end":{"line":87,"column":19},"skip":true},"16":{"start":{"line":79,"column":20},"end":{"line":86,"column":21},"skip":true},"17":{"start":{"line":82,"column":24},"end":{"line":82,"column":43},"skip":true},"18":{"start":{"line":83,"column":24},"end":{"line":83,"column":30},"skip":true},"19":{"start":{"line":85,"column":24},"end":{"line":85,"column":49},"skip":true},"20":{"start":{"line":89,"column":12},"end":{"line":107,"column":13},"skip":true},"21":{"start":{"line":92,"column":16},"end":{"line":102,"column":17},"skip":true},"22":{"start":{"line":93,"column":20},"end":{"line":93,"column":86},"skip":true},"23":{"start":{"line":94,"column":20},"end":{"line":95,"column":45},"skip":true},"24":{"start":{"line":96,"column":20},"end":{"line":96,"column":42},"skip":true},"25":{"start":{"line":97,"column":20},"end":{"line":97,"column":48},"skip":true},"26":{"start":{"line":100,"column":20},"end":{"line":100,"column":85},"skip":true},"27":{"start":{"line":101,"column":20},"end":{"line":101,"column":96},"skip":true},"28":{"start":{"line":103,"column":16},"end":{"line":103,"column":22},"skip":true},"29":{"start":{"line":106,"column":16},"end":{"line":106,"column":22},"skip":true},"30":{"start":{"line":108,"column":12},"end":{"line":120,"column":13},"skip":true},"31":{"start":{"line":114,"column":16},"end":{"line":119,"column":17},"skip":true},"32":{"start":{"line":116,"column":20},"end":{"line":116,"column":78},"skip":true},"33":{"start":{"line":118,"column":20},"end":{"line":118,"column":47},"skip":true},"34":{"start":{"line":123,"column":8},"end":{"line":141,"column":11},"skip":true},"35":{"start":{"line":124,"column":12},"end":{"line":124,"column":54},"skip":true},"36":{"start":{"line":125,"column":12},"end":{"line":140,"column":14},"skip":true},"37":{"start":{"line":126,"column":16},"end":{"line":126,"column":28},"skip":true},"38":{"start":{"line":127,"column":16},"end":{"line":127,"column":69},"skip":true},"39":{"start":{"line":128,"column":16},"end":{"line":128,"column":75},"skip":true},"40":{"start":{"line":129,"column":16},"end":{"line":131,"column":17},"skip":true},"41":{"start":{"line":130,"column":20},"end":{"line":130,"column":27},"skip":true},"42":{"start":{"line":133,"column":16},"end":{"line":137,"column":36},"skip":true},"43":{"start":{"line":134,"column":20},"end":{"line":136,"column":55},"skip":true},"44":{"start":{"line":139,"column":16},"end":{"line":139,"column":57},"skip":true},"45":{"start":{"line":143,"column":8},"end":{"line":147,"column":11},"skip":true},"46":{"start":{"line":144,"column":12},"end":{"line":146,"column":15},"skip":true},"47":{"start":{"line":145,"column":16},"end":{"line":145,"column":70},"skip":true},"48":{"start":{"line":149,"column":8},"end":{"line":149,"column":31},"skip":true},"49":{"start":{"line":150,"column":8},"end":{"line":150,"column":14},"skip":true},"50":{"start":{"line":158,"column":8},"end":{"line":158,"column":31},"skip":true},"51":{"start":{"line":160,"column":8},"end":{"line":160,"column":33},"skip":true},"52":{"start":{"line":161,"column":8},"end":{"line":161,"column":37},"skip":true},"53":{"start":{"line":162,"column":8},"end":{"line":162,"column":35},"skip":true},"54":{"start":{"line":164,"column":8},"end":{"line":164,"column":50},"skip":true},"55":{"start":{"line":166,"column":8},"end":{"line":256,"column":2},"skip":true},"56":{"start":{"line":258,"column":8},"end":{"line":286,"column":9},"skip":true},"57":{"start":{"line":259,"column":12},"end":{"line":269,"column":14},"skip":true},"58":{"start":{"line":271,"column":12},"end":{"line":285,"column":19},"skip":true},"59":{"start":{"line":274,"column":20},"end":{"line":274,"column":35},"skip":true},"60":{"start":{"line":275,"column":20},"end":{"line":284,"column":21},"skip":true},"61":{"start":{"line":277,"column":24},"end":{"line":277,"column":64},"skip":true},"62":{"start":{"line":279,"column":24},"end":{"line":279,"column":40},"skip":true},"63":{"start":{"line":281,"column":24},"end":{"line":281,"column":40},"skip":true},"64":{"start":{"line":283,"column":24},"end":{"line":283,"column":39},"skip":true},"65":{"start":{"line":288,"column":8},"end":{"line":290,"column":9},"skip":true},"66":{"start":{"line":289,"column":12},"end":{"line":289,"column":18},"skip":true},"67":{"start":{"line":291,"column":8},"end":{"line":293,"column":54},"skip":true},"68":{"start":{"line":296,"column":8},"end":{"line":301,"column":37},"skip":true},"69":{"start":{"line":303,"column":8},"end":{"line":303,"column":82},"skip":true},"70":{"start":{"line":306,"column":8},"end":{"line":308,"column":9},"skip":true},"71":{"start":{"line":307,"column":12},"end":{"line":307,"column":82},"skip":true},"72":{"start":{"line":310,"column":8},"end":{"line":312,"column":9},"skip":true},"73":{"start":{"line":311,"column":12},"end":{"line":311,"column":18},"skip":true},"74":{"start":{"line":313,"column":8},"end":{"line":313,"column":54},"skip":true},"75":{"start":{"line":314,"column":8},"end":{"line":314,"column":69},"skip":true},"76":{"start":{"line":315,"column":8},"end":{"line":323,"column":36},"skip":true},"77":{"start":{"line":316,"column":12},"end":{"line":316,"column":61},"skip":true},"78":{"start":{"line":317,"column":12},"end":{"line":320,"column":13},"skip":true},"79":{"start":{"line":318,"column":16},"end":{"line":318,"column":75},"skip":true},"80":{"start":{"line":319,"column":16},"end":{"line":319,"column":23},"skip":true},"81":{"start":{"line":321,"column":12},"end":{"line":321,"column":38},"skip":true},"82":{"start":{"line":322,"column":12},"end":{"line":322,"column":27},"skip":true},"83":{"start":{"line":324,"column":8},"end":{"line":324,"column":14},"skip":true}},"branchMap":{"1":{"line":39,"type":"binary-expr","locations":[{"start":{"line":39,"column":23},"end":{"line":39,"column":62}},{"start":{"line":40,"column":20},"end":{"line":40,"column":70}},{"start":{"line":41,"column":20},"end":{"line":41,"column":71}},{"start":{"line":42,"column":20},"end":{"line":42,"column":29}}]},"2":{"line":44,"type":"binary-expr","locations":[{"start":{"line":44,"column":23},"end":{"line":44,"column":37}},{"start":{"line":45,"column":20},"end":{"line":45,"column":61}},{"start":{"line":46,"column":20},"end":{"line":46,"column":70}},{"start":{"line":47,"column":20},"end":{"line":47,"column":26}}]},"3":{"line":51,"type":"cond-expr","locations":[{"start":{"line":52,"column":14},"end":{"line":52,"column":20}},{"start":{"line":53,"column":14},"end":{"line":53,"column":20}}]},"4":{"line":55,"type":"binary-expr","locations":[{"start":{"line":55,"column":16},"end":{"line":55,"column":44}},{"start":{"line":55,"column":49},"end":{"line":57,"column":43}}]},"5":{"line":55,"type":"cond-expr","locations":[{"start":{"line":56,"column":14},"end":{"line":56,"column":73}},{"start":{"line":57,"column":14},"end":{"line":57,"column":43}}]},"6":{"line":61,"type":"switch","locations":[{"start":{"line":68,"column":4},"end":{"line":150,"column":14},"skip":true},{"start":{"line":156,"column":4},"end":{"line":324,"column":14},"skip":true}]},"7":{"line":70,"type":"if","locations":[{"start":{"line":70,"column":12},"end":{"line":70,"column":12},"skip":true},{"start":{"line":70,"column":12},"end":{"line":70,"column":12},"skip":true}]},"8":{"line":70,"type":"binary-expr","locations":[{"start":{"line":70,"column":16},"end":{"line":70,"column":22},"skip":true},{"start":{"line":70,"column":27},"end":{"line":70,"column":32},"skip":true},{"start":{"line":71,"column":20},"end":{"line":71,"column":39},"skip":true},{"start":{"line":72,"column":20},"end":{"line":72,"column":49},"skip":true},{"start":{"line":73,"column":20},"end":{"line":73,"column":58},"skip":true},{"start":{"line":74,"column":20},"end":{"line":74,"column":69},"skip":true}]},"9":{"line":79,"type":"switch","locations":[{"start":{"line":80,"column":20},"end":{"line":80,"column":33},"skip":true},{"start":{"line":81,"column":20},"end":{"line":83,"column":30},"skip":true},{"start":{"line":84,"column":20},"end":{"line":85,"column":49},"skip":true}]},"10":{"line":89,"type":"switch","locations":[{"start":{"line":90,"column":12},"end":{"line":103,"column":22},"skip":true},{"start":{"line":105,"column":12},"end":{"line":106,"column":22},"skip":true}]},"11":{"line":89,"type":"binary-expr","locations":[{"start":{"line":89,"column":20},"end":{"line":89,"column":25},"skip":true},{"start":{"line":89,"column":29},"end":{"line":89,"column":48},"skip":true},{"start":{"line":89,"column":52},"end":{"line":89,"column":74},"skip":true}]},"12":{"line":92,"type":"if","locations":[{"start":{"line":92,"column":16},"end":{"line":92,"column":16},"skip":true},{"start":{"line":92,"column":16},"end":{"line":92,"column":16},"skip":true}]},"13":{"line":108,"type":"if","locations":[{"start":{"line":108,"column":12},"end":{"line":108,"column":12},"skip":true},{"start":{"line":108,"column":12},"end":{"line":108,"column":12},"skip":true}]},"14":{"line":108,"type":"binary-expr","locations":[{"start":{"line":108,"column":16},"end":{"line":108,"column":61},"skip":true},{"start":{"line":108,"column":66},"end":{"line":108,"column":72},"skip":true},{"start":{"line":108,"column":77},"end":{"line":108,"column":82},"skip":true},{"start":{"line":109,"column":20},"end":{"line":109,"column":39},"skip":true},{"start":{"line":110,"column":20},"end":{"line":110,"column":49},"skip":true},{"start":{"line":111,"column":20},"end":{"line":111,"column":58},"skip":true},{"start":{"line":112,"column":20},"end":{"line":112,"column":68},"skip":true}]},"15":{"line":129,"type":"if","locations":[{"start":{"line":129,"column":16},"end":{"line":129,"column":16},"skip":true},{"start":{"line":129,"column":16},"end":{"line":129,"column":16},"skip":true}]},"16":{"line":134,"type":"cond-expr","locations":[{"start":{"line":135,"column":26},"end":{"line":135,"column":29},"skip":true},{"start":{"line":136,"column":26},"end":{"line":136,"column":54},"skip":true}]},"17":{"line":164,"type":"binary-expr","locations":[{"start":{"line":164,"column":27},"end":{"line":164,"column":43},"skip":true},{"start":{"line":164,"column":47},"end":{"line":164,"column":49},"skip":true}]},"18":{"line":258,"type":"if","locations":[{"start":{"line":258,"column":8},"end":{"line":258,"column":8},"skip":true},{"start":{"line":258,"column":8},"end":{"line":258,"column":8},"skip":true}]},"19":{"line":275,"type":"switch","locations":[{"start":{"line":276,"column":20},"end":{"line":277,"column":64},"skip":true},{"start":{"line":278,"column":20},"end":{"line":279,"column":40},"skip":true},{"start":{"line":280,"column":20},"end":{"line":281,"column":40},"skip":true},{"start":{"line":282,"column":20},"end":{"line":283,"column":39},"skip":true}]},"20":{"line":288,"type":"if","locations":[{"start":{"line":288,"column":8},"end":{"line":288,"column":8},"skip":true},{"start":{"line":288,"column":8},"end":{"line":288,"column":8},"skip":true}]},"21":{"line":288,"type":"binary-expr","locations":[{"start":{"line":288,"column":12},"end":{"line":288,"column":40},"skip":true},{"start":{"line":288,"column":44},"end":{"line":288,"column":67},"skip":true}]},"22":{"line":292,"type":"binary-expr","locations":[{"start":{"line":292,"column":12},"end":{"line":292,"column":50},"skip":true},{"start":{"line":293,"column":12},"end":{"line":293,"column":53},"skip":true}]},"23":{"line":297,"type":"binary-expr","locations":[{"start":{"line":297,"column":12},"end":{"line":297,"column":87},"skip":true},{"start":{"line":298,"column":12},"end":{"line":301,"column":36},"skip":true}]},"24":{"line":303,"type":"binary-expr","locations":[{"start":{"line":303,"column":43},"end":{"line":303,"column":75},"skip":true},{"start":{"line":303,"column":79},"end":{"line":303,"column":81},"skip":true}]},"25":{"line":306,"type":"if","locations":[{"start":{"line":306,"column":8},"end":{"line":306,"column":8},"skip":true},{"start":{"line":306,"column":8},"end":{"line":306,"column":8},"skip":true}]},"26":{"line":310,"type":"if","locations":[{"start":{"line":310,"column":8},"end":{"line":310,"column":8},"skip":true},{"start":{"line":310,"column":8},"end":{"line":310,"column":8},"skip":true}]},"27":{"line":313,"type":"binary-expr","locations":[{"start":{"line":313,"column":27},"end":{"line":313,"column":43},"skip":true},{"start":{"line":313,"column":47},"end":{"line":313,"column":53},"skip":true}]},"28":{"line":317,"type":"if","locations":[{"start":{"line":317,"column":12},"end":{"line":317,"column":12},"skip":true},{"start":{"line":317,"column":12},"end":{"line":317,"column":12},"skip":true}]}},"code":["/*","example.js","","quickstart example","","instruction","    1. save this script as example.js","    2. run the shell command:","        $ npm install npmtest-blueimp-file-upload-expressjs && PORT=8081 node example.js","    3. play with the browser-demo on http://127.0.0.1:8081","*/","","","","/* istanbul instrument in package npmtest_blueimp_file_upload_expressjs */","/*jslint","    bitwise: true,","    browser: true,","    maxerr: 8,","    maxlen: 96,","    node: true,","    nomen: true,","    regexp: true,","    stupid: true","*/","(function () {","    'use strict';","    var local;","","","","    // run shared js-env code - pre-init","    (function () {","        // init local","        local = {};","        // init modeJs","        local.modeJs = (function () {","            try {","                return typeof navigator.userAgent === 'string' &&","                    typeof document.querySelector('body') === 'object' &&","                    typeof XMLHttpRequest.prototype.open === 'function' &&","                    'browser';","            } catch (errorCaughtBrowser) {","                return module.exports &&","                    typeof process.versions.node === 'string' &&","                    typeof require('http').createServer === 'function' &&","                    'node';","            }","        }());","        // init global","        local.global = local.modeJs === 'browser'","            ? window","            : global;","        // init utility2_rollup","        local = local.global.utility2_rollup || (local.modeJs === 'browser'","            ? local.global.utility2_npmtest_blueimp_file_upload_expressjs","            : global.utility2_moduleExports);","        // export local","        local.global.local = local;","    }());","    switch (local.modeJs) {","","","","    // post-init","    // run browser js-env code - post-init","    /* istanbul ignore next */","    case 'browser':","        local.testRunBrowser = function (event) {","            if (!event || (event &&","                    event.currentTarget &&","                    event.currentTarget.className &&","                    event.currentTarget.className.includes &&","                    event.currentTarget.className.includes('onreset'))) {","                // reset output","                Array.from(","                    document.querySelectorAll('body > .resettable')","                ).forEach(function (element) {","                    switch (element.tagName) {","                    case 'INPUT':","                    case 'TEXTAREA':","                        element.value = '';","                        break;","                    default:","                        element.textContent = '';","                    }","                });","            }","            switch (event && event.currentTarget && event.currentTarget.id) {","            case 'testRunButton1':","                // show tests","                if (document.querySelector('#testReportDiv1').style.display === 'none') {","                    document.querySelector('#testReportDiv1').style.display = 'block';","                    document.querySelector('#testRunButton1').textContent =","                        'hide internal test';","                    local.modeTest = true;","                    local.testRunDefault(local);","                // hide tests","                } else {","                    document.querySelector('#testReportDiv1').style.display = 'none';","                    document.querySelector('#testRunButton1').textContent = 'run internal test';","                }","                break;","            // custom-case","            default:","                break;","            }","            if (document.querySelector('#inputTextareaEval1') && (!event || (event &&","                    event.currentTarget &&","                    event.currentTarget.className &&","                    event.currentTarget.className.includes &&","                    event.currentTarget.className.includes('oneval')))) {","                // try to eval input-code","                try {","                    /*jslint evil: true*/","                    eval(document.querySelector('#inputTextareaEval1').value);","                } catch (errorCaught) {","                    console.error(errorCaught);","                }","            }","        };","        // log stderr and stdout to #outputTextareaStdout1","        ['error', 'log'].forEach(function (key) {","            console[key + '_original'] = console[key];","            console[key] = function () {","                var element;","                console[key + '_original'].apply(console, arguments);","                element = document.querySelector('#outputTextareaStdout1');","                if (!element) {","                    return;","                }","                // append text to #outputTextareaStdout1","                element.value += Array.from(arguments).map(function (arg) {","                    return typeof arg === 'string'","                        ? arg","                        : JSON.stringify(arg, null, 4);","                }).join(' ') + '\\n';","                // scroll textarea to bottom","                element.scrollTop = element.scrollHeight;","            };","        });","        // init event-handling","        ['change', 'click', 'keyup'].forEach(function (event) {","            Array.from(document.querySelectorAll('.on' + event)).forEach(function (element) {","                element.addEventListener(event, local.testRunBrowser);","            });","        });","        // run tests","        local.testRunBrowser();","        break;","","","","    // run node js-env code - post-init","    /* istanbul ignore next */","    case 'node':","        // export local","        module.exports = local;","        // require modules","        local.fs = require('fs');","        local.http = require('http');","        local.url = require('url');","        // init assets","        local.assetsDict = local.assetsDict || {};","        /* jslint-ignore-begin */","        local.assetsDict['/assets.index.template.html'] = '\\","<!doctype html>\\n\\","<html lang=\"en\">\\n\\","<head>\\n\\","<meta charset=\"UTF-8\">\\n\\","<meta name=\"viewport\" content=\"width=device-width, initial-scale=1\">\\n\\","<title>{{env.npm_package_name}} (v{{env.npm_package_version}})</title>\\n\\","<style>\\n\\","/*csslint\\n\\","    box-sizing: false,\\n\\","    universal-selector: false\\n\\","*/\\n\\","* {\\n\\","    box-sizing: border-box;\\n\\","}\\n\\","body {\\n\\","    background: #dde;\\n\\","    font-family: Arial, Helvetica, sans-serif;\\n\\","    margin: 2rem;\\n\\","}\\n\\","body > * {\\n\\","    margin-bottom: 1rem;\\n\\","}\\n\\",".utility2FooterDiv {\\n\\","    margin-top: 20px;\\n\\","    text-align: center;\\n\\","}\\n\\","</style>\\n\\","<style>\\n\\","/*csslint\\n\\","*/\\n\\","textarea {\\n\\","    font-family: monospace;\\n\\","    height: 10rem;\\n\\","    width: 100%;\\n\\","}\\n\\","textarea[readonly] {\\n\\","    background: #ddd;\\n\\","}\\n\\","</style>\\n\\","</head>\\n\\","<body>\\n\\","<!-- utility2-comment\\n\\","<div id=\"ajaxProgressDiv1\" style=\"background: #d00; height: 2px; left: 0; margin: 0; padding: 0; position: fixed; top: 0; transition: background 0.5s, width 1.5s; width: 25%;\"></div>\\n\\","utility2-comment -->\\n\\","<h1>\\n\\","<!-- utility2-comment\\n\\","    <a\\n\\","        {{#if env.npm_package_homepage}}\\n\\","        href=\"{{env.npm_package_homepage}}\"\\n\\","        {{/if env.npm_package_homepage}}\\n\\","        target=\"_blank\"\\n\\","    >\\n\\","utility2-comment -->\\n\\","        {{env.npm_package_name}} (v{{env.npm_package_version}})\\n\\","<!-- utility2-comment\\n\\","    </a>\\n\\","utility2-comment -->\\n\\","</h1>\\n\\","<h3>{{env.npm_package_description}}</h3>\\n\\","<!-- utility2-comment\\n\\","<h4><a download href=\"assets.app.js\">download standalone app</a></h4>\\n\\","<button class=\"onclick onreset\" id=\"testRunButton1\">run internal test</button><br>\\n\\","<div id=\"testReportDiv1\" style=\"display: none;\"></div>\\n\\","utility2-comment -->\\n\\","\\n\\","\\n\\","\\n\\","<label>stderr and stdout</label>\\n\\","<textarea class=\"resettable\" id=\"outputTextareaStdout1\" readonly></textarea>\\n\\","<!-- utility2-comment\\n\\","{{#if isRollup}}\\n\\","<script src=\"assets.app.js\"></script>\\n\\","{{#unless isRollup}}\\n\\","utility2-comment -->\\n\\","<script src=\"assets.utility2.rollup.js\"></script>\\n\\","<script src=\"jsonp.utility2._stateInit?callback=window.utility2._stateInit\"></script>\\n\\","<script src=\"assets.npmtest_blueimp_file_upload_expressjs.rollup.js\"></script>\\n\\","<script src=\"assets.example.js\"></script>\\n\\","<script src=\"assets.test.js\"></script>\\n\\","<!-- utility2-comment\\n\\","{{/if isRollup}}\\n\\","utility2-comment -->\\n\\","<div class=\"utility2FooterDiv\">\\n\\","    [ this app was created with\\n\\","    <a href=\"https://github.com/kaizhu256/node-utility2\" target=\"_blank\">utility2</a>\\n\\","    ]\\n\\","</div>\\n\\","</body>\\n\\","</html>\\n\\","';","        /* jslint-ignore-end */","        if (local.templateRender) {","            local.assetsDict['/'] = local.templateRender(","                local.assetsDict['/assets.index.template.html'],","                {","                    env: local.objectSetDefault(local.env, {","                        npm_package_description: 'the greatest app in the world!',","                        npm_package_name: 'my-app',","                        npm_package_nameAlias: 'my_app',","                        npm_package_version: '0.0.1'","                    })","                }","            );","        } else {","            local.assetsDict['/'] = local.assetsDict['/assets.index.template.html']","                .replace((/\\{\\{env\\.(\\w+?)\\}\\}/g), function (match0, match1) {","                    // jslint-hack","                    String(match0);","                    switch (match1) {","                    case 'npm_package_description':","                        return 'the greatest app in the world!';","                    case 'npm_package_name':","                        return 'my-app';","                    case 'npm_package_nameAlias':","                        return 'my_app';","                    case 'npm_package_version':","                        return '0.0.1';","                    }","                });","        }","        // run the cli","        if (local.global.utility2_rollup || module !== require.main) {","            break;","        }","        local.assetsDict['/assets.example.js'] =","            local.assetsDict['/assets.example.js'] ||","            local.fs.readFileSync(__filename, 'utf8');","        // bug-workaround - long $npm_package_buildCustomOrg","        /* jslint-ignore-begin */","        local.assetsDict['/assets.npmtest_blueimp_file_upload_expressjs.rollup.js'] =","            local.assetsDict['/assets.npmtest_blueimp_file_upload_expressjs.rollup.js'] ||","            local.fs.readFileSync(","                local.npmtest_blueimp_file_upload_expressjs.__dirname + '/lib.npmtest_blueimp_file_upload_expressjs.js',","                'utf8'","            ).replace((/^#!/), '//');","        /* jslint-ignore-end */","        local.assetsDict['/favicon.ico'] = local.assetsDict['/favicon.ico'] || '';","        // if $npm_config_timeout_exit exists,","        // then exit this process after $npm_config_timeout_exit ms","        if (Number(process.env.npm_config_timeout_exit)) {","            setTimeout(process.exit, Number(process.env.npm_config_timeout_exit));","        }","        // start server","        if (local.global.utility2_serverHttp1) {","            break;","        }","        process.env.PORT = process.env.PORT || '8081';","        console.error('server starting on port ' + process.env.PORT);","        local.http.createServer(function (request, response) {","            request.urlParsed = local.url.parse(request.url);","            if (local.assetsDict[request.urlParsed.pathname] !== undefined) {","                response.end(local.assetsDict[request.urlParsed.pathname]);","                return;","            }","            response.statusCode = 404;","            response.end();","        }).listen(process.env.PORT);","        break;","    }","}());",""],"l":{"26":2,"28":2,"33":2,"35":2,"37":2,"38":2,"39":2,"44":1,"51":2,"55":2,"59":2,"61":2,"69":1,"70":2,"76":2,"79":2,"82":2,"83":2,"85":1,"89":2,"92":1,"93":1,"94":1,"96":1,"97":1,"100":1,"101":1,"103":1,"106":1,"108":2,"114":1,"116":1,"118":1,"123":1,"124":2,"125":2,"126":3,"127":3,"128":3,"129":3,"130":1,"133":3,"134":3,"139":3,"143":1,"144":3,"145":1,"149":1,"150":1,"158":1,"160":1,"161":1,"162":1,"164":1,"166":1,"258":1,"259":1,"271":1,"274":6,"275":6,"277":1,"279":2,"281":1,"283":2,"288":1,"289":1,"291":1,"296":1,"303":1,"306":1,"307":1,"310":1,"311":1,"313":1,"314":1,"315":1,"316":1,"317":1,"318":1,"319":1,"321":1,"322":1,"324":1}},"/home/travis/build/npmtest/node-npmtest-blueimp-file-upload-expressjs/node_modules/blueimp-file-upload-expressjs/index.js":{"path":"/home/travis/build/npmtest/node-npmtest-blueimp-file-upload-expressjs/node_modules/blueimp-file-upload-expressjs/index.js","s":{"1":1,"2":1,"3":1,"4":1,"5":1,"6":1,"7":1,"8":0,"9":0,"10":0,"11":0,"12":0,"13":1,"14":0,"15":0,"16":0,"17":0,"18":0,"19":0,"20":0,"21":0,"22":0,"23":0,"24":0,"25":0,"26":0,"27":0,"28":0,"29":0,"30":0,"31":0,"32":1,"33":0,"34":0,"35":0,"36":0,"37":0,"38":0,"39":0,"40":0,"41":0,"42":0,"43":0,"44":0,"45":0,"46":0,"47":0,"48":0,"49":0,"50":0,"51":0,"52":0,"53":0,"54":0,"55":0,"56":0,"57":0,"58":0,"59":0,"60":0,"61":0,"62":0,"63":0,"64":0,"65":0,"66":0,"67":0,"68":0},"b":{"1":[0,0],"2":[0,0],"3":[0,0],"4":[0,0],"5":[0,0],"6":[0,0],"7":[0,0],"8":[0,0],"9":[0,0]},"f":{"1":0,"2":0,"3":0,"4":0,"5":0,"6":0,"7":0,"8":0,"9":0,"10":0,"11":0,"12":0,"13":0,"14":0,"15":0},"fnMap":{"1":{"name":"uploadService","line":12,"loc":{"start":{"line":12,"column":0},"end":{"line":12,"column":29}}},"2":{"name":"setNoCacheHeaders","line":22,"loc":{"start":{"line":22,"column":4},"end":{"line":22,"column":36}}},"3":{"name":"(anonymous_3)","line":28,"loc":{"start":{"line":28,"column":23},"end":{"line":28,"column":52}}},"4":{"name":"(anonymous_4)","line":34,"loc":{"start":{"line":34,"column":24},"end":{"line":34,"column":53}}},"5":{"name":"finish","line":49,"loc":{"start":{"line":49,"column":8},"end":{"line":49,"column":41}}},"6":{"name":"(anonymous_6)","line":61,"loc":{"start":{"line":61,"column":26},"end":{"line":61,"column":46}}},"7":{"name":"(anonymous_7)","line":74,"loc":{"start":{"line":74,"column":29},"end":{"line":74,"column":50}}},"8":{"name":"(anonymous_8)","line":81,"loc":{"start":{"line":81,"column":23},"end":{"line":81,"column":45}}},"9":{"name":"(anonymous_9)","line":86,"loc":{"start":{"line":86,"column":22},"end":{"line":86,"column":43}}},"10":{"name":"(anonymous_10)","line":97,"loc":{"start":{"line":97,"column":25},"end":{"line":97,"column":36}}},"11":{"name":"(anonymous_11)","line":99,"loc":{"start":{"line":99,"column":29},"end":{"line":99,"column":44}}},"12":{"name":"(anonymous_12)","line":102,"loc":{"start":{"line":102,"column":23},"end":{"line":102,"column":35}}},"13":{"name":"(anonymous_13)","line":105,"loc":{"start":{"line":105,"column":26},"end":{"line":105,"column":50}}},"14":{"name":"(anonymous_14)","line":109,"loc":{"start":{"line":109,"column":21},"end":{"line":109,"column":32}}},"15":{"name":"(anonymous_15)","line":116,"loc":{"start":{"line":116,"column":26},"end":{"line":116,"column":55}}}},"statementMap":{"1":{"start":{"line":4,"column":0},"end":{"line":4,"column":44}},"2":{"start":{"line":5,"column":0},"end":{"line":5,"column":42}},"3":{"start":{"line":6,"column":0},"end":{"line":6,"column":39}},"4":{"start":{"line":7,"column":0},"end":{"line":7,"column":23}},"5":{"start":{"line":8,"column":0},"end":{"line":8,"column":27}},"6":{"start":{"line":10,"column":0},"end":{"line":10,"column":31}},"7":{"start":{"line":12,"column":0},"end":{"line":121,"column":1}},"8":{"start":{"line":13,"column":4},"end":{"line":13,"column":38}},"9":{"start":{"line":14,"column":4},"end":{"line":14,"column":129}},"10":{"start":{"line":16,"column":4},"end":{"line":16,"column":39}},"11":{"start":{"line":18,"column":4},"end":{"line":18,"column":26}},"12":{"start":{"line":20,"column":4},"end":{"line":20,"column":34}},"13":{"start":{"line":22,"column":4},"end":{"line":26,"column":5}},"14":{"start":{"line":23,"column":8},"end":{"line":23,"column":44}},"15":{"start":{"line":24,"column":8},"end":{"line":24,"column":78}},"16":{"start":{"line":25,"column":8},"end":{"line":25,"column":78}},"17":{"start":{"line":28,"column":4},"end":{"line":32,"column":6}},"18":{"start":{"line":29,"column":8},"end":{"line":29,"column":44}},"19":{"start":{"line":30,"column":8},"end":{"line":30,"column":31}},"20":{"start":{"line":31,"column":8},"end":{"line":31,"column":34}},"21":{"start":{"line":34,"column":4},"end":{"line":114,"column":6}},"22":{"start":{"line":35,"column":8},"end":{"line":35,"column":31}},"23":{"start":{"line":36,"column":8},"end":{"line":36,"column":49}},"24":{"start":{"line":37,"column":8},"end":{"line":37,"column":26}},"25":{"start":{"line":38,"column":8},"end":{"line":38,"column":23}},"26":{"start":{"line":39,"column":8},"end":{"line":39,"column":21}},"27":{"start":{"line":40,"column":8},"end":{"line":40,"column":24}},"28":{"start":{"line":41,"column":8},"end":{"line":41,"column":21}},"29":{"start":{"line":43,"column":8},"end":{"line":43,"column":44}},"30":{"start":{"line":45,"column":8},"end":{"line":45,"column":34}},"31":{"start":{"line":47,"column":8},"end":{"line":47,"column":34}},"32":{"start":{"line":49,"column":8},"end":{"line":70,"column":9}},"33":{"start":{"line":51,"column":12},"end":{"line":53,"column":25}},"34":{"start":{"line":51,"column":23},"end":{"line":53,"column":25}},"35":{"start":{"line":55,"column":12},"end":{"line":57,"column":25}},"36":{"start":{"line":55,"column":27},"end":{"line":57,"column":25}},"37":{"start":{"line":59,"column":12},"end":{"line":59,"column":42}},"38":{"start":{"line":61,"column":12},"end":{"line":63,"column":15}},"39":{"start":{"line":62,"column":16},"end":{"line":62,"column":75}},"40":{"start":{"line":65,"column":12},"end":{"line":69,"column":13}},"41":{"start":{"line":66,"column":16},"end":{"line":68,"column":29}},"42":{"start":{"line":72,"column":8},"end":{"line":72,"column":40}},"43":{"start":{"line":74,"column":8},"end":{"line":113,"column":22}},"44":{"start":{"line":75,"column":12},"end":{"line":75,"column":37}},"45":{"start":{"line":77,"column":12},"end":{"line":77,"column":36}},"46":{"start":{"line":78,"column":12},"end":{"line":78,"column":63}},"47":{"start":{"line":79,"column":12},"end":{"line":79,"column":41}},"48":{"start":{"line":80,"column":12},"end":{"line":80,"column":33}},"49":{"start":{"line":82,"column":12},"end":{"line":82,"column":33}},"50":{"start":{"line":83,"column":12},"end":{"line":85,"column":13}},"51":{"start":{"line":84,"column":16},"end":{"line":84,"column":33}},"52":{"start":{"line":87,"column":12},"end":{"line":87,"column":63}},"53":{"start":{"line":88,"column":12},"end":{"line":88,"column":34}},"54":{"start":{"line":89,"column":12},"end":{"line":93,"column":13}},"55":{"start":{"line":90,"column":16},"end":{"line":90,"column":39}},"56":{"start":{"line":91,"column":16},"end":{"line":91,"column":37}},"57":{"start":{"line":92,"column":16},"end":{"line":92,"column":23}},"58":{"start":{"line":95,"column":12},"end":{"line":95,"column":53}},"59":{"start":{"line":98,"column":12},"end":{"line":98,"column":30}},"60":{"start":{"line":99,"column":12},"end":{"line":101,"column":15}},"61":{"start":{"line":100,"column":16},"end":{"line":100,"column":32}},"62":{"start":{"line":103,"column":12},"end":{"line":103,"column":41}},"63":{"start":{"line":104,"column":12},"end":{"line":104,"column":22}},"64":{"start":{"line":106,"column":12},"end":{"line":108,"column":13}},"65":{"start":{"line":107,"column":16},"end":{"line":107,"column":41}},"66":{"start":{"line":116,"column":4},"end":{"line":118,"column":6}},"67":{"start":{"line":117,"column":8},"end":{"line":117,"column":47}},"68":{"start":{"line":120,"column":4},"end":{"line":120,"column":24}}},"branchMap":{"1":{"line":14,"type":"cond-expr","locations":[{"start":{"line":14,"column":57},"end":{"line":14,"column":92}},{"start":{"line":14,"column":95},"end":{"line":14,"column":128}}]},"2":{"line":47,"type":"binary-expr","locations":[{"start":{"line":47,"column":19},"end":{"line":47,"column":27}},{"start":{"line":47,"column":31},"end":{"line":47,"column":33}}]},"3":{"line":51,"type":"if","locations":[{"start":{"line":51,"column":12},"end":{"line":51,"column":12}},{"start":{"line":51,"column":12},"end":{"line":51,"column":12}}]},"4":{"line":55,"type":"if","locations":[{"start":{"line":55,"column":12},"end":{"line":55,"column":12}},{"start":{"line":55,"column":12},"end":{"line":55,"column":12}}]},"5":{"line":62,"type":"binary-expr","locations":[{"start":{"line":62,"column":37},"end":{"line":62,"column":55}},{"start":{"line":62,"column":59},"end":{"line":62,"column":74}}]},"6":{"line":65,"type":"if","locations":[{"start":{"line":65,"column":12},"end":{"line":65,"column":12}},{"start":{"line":65,"column":12},"end":{"line":65,"column":12}}]},"7":{"line":83,"type":"if","locations":[{"start":{"line":83,"column":12},"end":{"line":83,"column":12}},{"start":{"line":83,"column":12},"end":{"line":83,"column":12}}]},"8":{"line":89,"type":"if","locations":[{"start":{"line":89,"column":12},"end":{"line":89,"column":12}},{"start":{"line":89,"column":12},"end":{"line":89,"column":12}}]},"9":{"line":106,"type":"if","locations":[{"start":{"line":106,"column":12},"end":{"line":106,"column":12}},{"start":{"line":106,"column":12},"end":{"line":106,"column":12}}]}},"code":["/*jslint node: true */","'use strict';","","var FileInfo = require('./lib/fileinfo.js');","var configs = require('./lib/configs.js');","var formidable = require('formidable');","var fs = require('fs');","var path = require('path');","","module.exports = uploadService;","","function uploadService(opts) {","    var options = configs.apply(opts);","    var transporter = options.storage.type === 'local' ? require('./lib/transport/local.js') : require('./lib/transport/aws.js');","","    transporter = transporter(options);","","    var fileUploader = {};","","    fileUploader.config = options;","","    function setNoCacheHeaders(res) {","        res.setHeader('Pragma', 'no-cache');","        res.setHeader('Cache-Control', 'no-store, no-cache, must-revalidate');","        res.setHeader('Content-Disposition', 'inline; filename=\"files.json\"');","    }","","    fileUploader.get = function(req, res, callback) {","        this.config.host = req.headers.host;","        setNoCacheHeaders(res);","        transporter.get(callback);","    };","","    fileUploader.post = function(req, res, callback) {","        setNoCacheHeaders(res);","        var form = new formidable.IncomingForm();","        var tmpFiles = [];","        var files = [];","        var map = {};","        var fields = {};","        var redirect;","","        this.config.host = req.headers.host;","","        var configs = this.config;","","        req.body = req.body || {};","","        function finish(error, fileInfo) {","","            if (error) return callback(error, {","                files: files","            }, redirect);","","            if (!fileInfo) return callback(null, {","                files: files","            }, redirect);","","            var allFilesProccessed = true;","","            files.forEach(function(file, idx) {","                allFilesProccessed = allFilesProccessed && file.proccessed;","            });","","            if (allFilesProccessed) {","                callback(null, {","                    files: files","                }, redirect);","            }","        }","","        form.uploadDir = configs.tmpDir;","","        form.on('fileBegin', function(name, file) {","            tmpFiles.push(file.path);","            // fix #41","            configs.saveFile = true;","            var fileInfo = new FileInfo(file, configs, fields);","            map[fileInfo.key] = fileInfo;","            files.push(fileInfo);","        }).on('field', function(name, value) {","            fields[name] = value;","            if (name === 'redirect') {","                redirect = value;","            }","        }).on('file', function(name, file) {","            var fileInfo = map[FileInfo.getFileKey(file.path)];","            fileInfo.update(file);","            if (!fileInfo.validate()) {","                finish(fileInfo.error);","                fs.unlink(file.path);","                return;","            }","","            transporter.post(fileInfo, file, finish);","","        }).on('aborted', function() {","            finish('aborted');","            tmpFiles.forEach(function(file) {","                fs.unlink(file);","            });","        }).on('error', function(e) {","            console.log('form.error', e);","            finish(e);","        }).on('progress', function(bytesReceived) {","            if (bytesReceived > configs.maxPostSize) {","                req.connection.destroy();","            }","        }).on('end', function() {","            //if (configs.storage.type == 'local') {","            //    finish();","            //}","        }).parse(req);","    };","","    fileUploader.delete = function(req, res, callback) {","        transporter.delete(req, res, callback);","    };","","    return fileUploader;","}",""],"l":{"4":1,"5":1,"6":1,"7":1,"8":1,"10":1,"12":1,"13":0,"14":0,"16":0,"18":0,"20":0,"22":1,"23":0,"24":0,"25":0,"28":0,"29":0,"30":0,"31":0,"34":0,"35":0,"36":0,"37":0,"38":0,"39":0,"40":0,"41":0,"43":0,"45":0,"47":0,"49":1,"51":0,"55":0,"59":0,"61":0,"62":0,"65":0,"66":0,"72":0,"74":0,"75":0,"77":0,"78":0,"79":0,"80":0,"82":0,"83":0,"84":0,"87":0,"88":0,"89":0,"90":0,"91":0,"92":0,"95":0,"98":0,"99":0,"100":0,"103":0,"104":0,"106":0,"107":0,"116":0,"117":0,"120":0}},"/home/travis/build/npmtest/node-npmtest-blueimp-file-upload-expressjs/node_modules/blueimp-file-upload-expressjs/lib/fileinfo.js":{"path":"/home/travis/build/npmtest/node-npmtest-blueimp-file-upload-expressjs/node_modules/blueimp-file-upload-expressjs/lib/fileinfo.js","s":{"1":1,"2":1,"3":1,"4":1,"5":0,"6":1,"7":1,"8":0,"9":0,"10":0,"11":0,"12":0,"13":0,"14":0,"15":0,"16":0,"17":0,"18":0,"19":0,"20":0,"21":0,"22":1,"23":0,"24":1,"25":0,"26":1,"27":0,"28":0,"29":0,"30":0,"31":1,"32":0,"33":0,"34":0,"35":0,"36":0,"37":0,"38":0,"39":0,"40":0,"41":0,"42":0,"43":0,"44":0,"45":0,"46":0,"47":0,"48":0,"49":0,"50":0,"51":0,"52":1,"53":0,"54":0,"55":0,"56":0,"57":0,"58":0,"59":0,"60":1,"61":0,"62":1,"63":1},"b":{"1":[1,0],"2":[0,0],"3":[0,0],"4":[0,0],"5":[0,0],"6":[0,0],"7":[0,0],"8":[0,0],"9":[0,0],"10":[0,0],"11":[0,0],"12":[0,0],"13":[0,0],"14":[0,0],"15":[0,0],"16":[0,0]},"f":{"1":0,"2":0,"3":0,"4":0,"5":0,"6":0,"7":0,"8":0,"9":0,"10":0},"fnMap":{"1":{"name":"(anonymous_1)","line":10,"loc":{"start":{"line":10,"column":17},"end":{"line":10,"column":36}}},"2":{"name":"FileInfo","line":17,"loc":{"start":{"line":17,"column":0},"end":{"line":17,"column":38}}},"3":{"name":"(anonymous_3)","line":34,"loc":{"start":{"line":34,"column":28},"end":{"line":34,"column":43}}},"4":{"name":"(anonymous_4)","line":37,"loc":{"start":{"line":37,"column":30},"end":{"line":37,"column":41}}},"5":{"name":"nameCountFunc","line":40,"loc":{"start":{"line":40,"column":4},"end":{"line":40,"column":42}}},"6":{"name":"(anonymous_6)","line":52,"loc":{"start":{"line":52,"column":30},"end":{"line":52,"column":41}}},"7":{"name":"(anonymous_7)","line":61,"loc":{"start":{"line":61,"column":56},"end":{"line":61,"column":74}}},"8":{"name":"(anonymous_8)","line":75,"loc":{"start":{"line":75,"column":52},"end":{"line":75,"column":70}}},"9":{"name":"(anonymous_9)","line":81,"loc":{"start":{"line":81,"column":30},"end":{"line":81,"column":41}}},"10":{"name":"(anonymous_10)","line":91,"loc":{"start":{"line":91,"column":38},"end":{"line":91,"column":49}}}},"statementMap":{"1":{"start":{"line":4,"column":0},"end":{"line":4,"column":23}},"2":{"start":{"line":5,"column":0},"end":{"line":5,"column":27}},"3":{"start":{"line":8,"column":0},"end":{"line":8,"column":51}},"4":{"start":{"line":10,"column":0},"end":{"line":14,"column":2}},"5":{"start":{"line":12,"column":4},"end":{"line":12,"column":35}},"6":{"start":{"line":15,"column":0},"end":{"line":15,"column":8}},"7":{"start":{"line":17,"column":0},"end":{"line":33,"column":1}},"8":{"start":{"line":18,"column":4},"end":{"line":18,"column":26}},"9":{"start":{"line":19,"column":4},"end":{"line":19,"column":26}},"10":{"start":{"line":20,"column":4},"end":{"line":20,"column":26}},"11":{"start":{"line":21,"column":4},"end":{"line":21,"column":33}},"12":{"start":{"line":22,"column":4},"end":{"line":22,"column":31}},"13":{"start":{"line":23,"column":4},"end":{"line":23,"column":24}},"14":{"start":{"line":24,"column":4},"end":{"line":24,"column":37}},"15":{"start":{"line":25,"column":4},"end":{"line":25,"column":23}},"16":{"start":{"line":26,"column":4},"end":{"line":26,"column":28}},"17":{"start":{"line":27,"column":4},"end":{"line":27,"column":21}},"18":{"start":{"line":28,"column":4},"end":{"line":28,"column":22}},"19":{"start":{"line":29,"column":4},"end":{"line":29,"column":25}},"20":{"start":{"line":30,"column":4},"end":{"line":32,"column":5}},"21":{"start":{"line":31,"column":8},"end":{"line":31,"column":24}},"22":{"start":{"line":34,"column":0},"end":{"line":36,"column":2}},"23":{"start":{"line":35,"column":4},"end":{"line":35,"column":26}},"24":{"start":{"line":37,"column":0},"end":{"line":50,"column":2}},"25":{"start":{"line":38,"column":4},"end":{"line":38,"column":61}},"26":{"start":{"line":40,"column":4},"end":{"line":42,"column":5}},"27":{"start":{"line":41,"column":8},"end":{"line":41,"column":75}},"28":{"start":{"line":45,"column":4},"end":{"line":45,"column":61}},"29":{"start":{"line":47,"column":4},"end":{"line":49,"column":5}},"30":{"start":{"line":48,"column":8},"end":{"line":48,"column":70}},"31":{"start":{"line":52,"column":0},"end":{"line":79,"column":2}},"32":{"start":{"line":54,"column":4},"end":{"line":54,"column":20}},"33":{"start":{"line":55,"column":4},"end":{"line":55,"column":113}},"34":{"start":{"line":56,"column":4},"end":{"line":56,"column":27}},"35":{"start":{"line":56,"column":20},"end":{"line":56,"column":27}},"36":{"start":{"line":57,"column":4},"end":{"line":70,"column":5}},"37":{"start":{"line":58,"column":8},"end":{"line":58,"column":59}},"38":{"start":{"line":59,"column":8},"end":{"line":59,"column":65}},"39":{"start":{"line":60,"column":8},"end":{"line":60,"column":45}},"40":{"start":{"line":60,"column":38},"end":{"line":60,"column":45}},"41":{"start":{"line":61,"column":8},"end":{"line":68,"column":11}},"42":{"start":{"line":62,"column":12},"end":{"line":67,"column":13}},"43":{"start":{"line":63,"column":16},"end":{"line":63,"column":96}},"44":{"start":{"line":66,"column":16},"end":{"line":66,"column":49}},"45":{"start":{"line":69,"column":8},"end":{"line":69,"column":15}},"46":{"start":{"line":72,"column":4},"end":{"line":72,"column":32}},"47":{"start":{"line":73,"column":4},"end":{"line":73,"column":112}},"48":{"start":{"line":74,"column":4},"end":{"line":74,"column":41}},"49":{"start":{"line":74,"column":34},"end":{"line":74,"column":41}},"50":{"start":{"line":75,"column":4},"end":{"line":77,"column":7}},"51":{"start":{"line":76,"column":8},"end":{"line":76,"column":41}},"52":{"start":{"line":81,"column":0},"end":{"line":90,"column":2}},"53":{"start":{"line":82,"column":4},"end":{"line":88,"column":5}},"54":{"start":{"line":83,"column":8},"end":{"line":83,"column":41}},"55":{"start":{"line":84,"column":11},"end":{"line":88,"column":5}},"56":{"start":{"line":85,"column":8},"end":{"line":85,"column":39}},"57":{"start":{"line":86,"column":11},"end":{"line":88,"column":5}},"58":{"start":{"line":87,"column":8},"end":{"line":87,"column":44}},"59":{"start":{"line":89,"column":4},"end":{"line":89,"column":23}},"60":{"start":{"line":91,"column":0},"end":{"line":93,"column":2}},"61":{"start":{"line":92,"column":4},"end":{"line":92,"column":83}},"62":{"start":{"line":95,"column":0},"end":{"line":95,"column":26}},"63":{"start":{"line":97,"column":0},"end":{"line":97,"column":39}}},"branchMap":{"1":{"line":8,"type":"binary-expr","locations":[{"start":{"line":8,"column":18},"end":{"line":8,"column":31}},{"start":{"line":8,"column":35},"end":{"line":8,"column":50}}]},"2":{"line":30,"type":"if","locations":[{"start":{"line":30,"column":4},"end":{"line":30,"column":4}},{"start":{"line":30,"column":4},"end":{"line":30,"column":4}}]},"3":{"line":41,"type":"binary-expr","locations":[{"start":{"line":41,"column":24},"end":{"line":41,"column":43}},{"start":{"line":41,"column":47},"end":{"line":41,"column":48}}]},"4":{"line":41,"type":"binary-expr","locations":[{"start":{"line":41,"column":64},"end":{"line":41,"column":67}},{"start":{"line":41,"column":71},"end":{"line":41,"column":73}}]},"5":{"line":55,"type":"cond-expr","locations":[{"start":{"line":55,"column":41},"end":{"line":55,"column":49}},{"start":{"line":55,"column":52},"end":{"line":55,"column":59}}]},"6":{"line":56,"type":"if","locations":[{"start":{"line":56,"column":4},"end":{"line":56,"column":4}},{"start":{"line":56,"column":4},"end":{"line":56,"column":4}}]},"7":{"line":57,"type":"if","locations":[{"start":{"line":57,"column":4},"end":{"line":57,"column":4}},{"start":{"line":57,"column":4},"end":{"line":57,"column":4}}]},"8":{"line":60,"type":"if","locations":[{"start":{"line":60,"column":8},"end":{"line":60,"column":8}},{"start":{"line":60,"column":8},"end":{"line":60,"column":8}}]},"9":{"line":62,"type":"if","locations":[{"start":{"line":62,"column":12},"end":{"line":62,"column":12}},{"start":{"line":62,"column":12},"end":{"line":62,"column":12}}]},"10":{"line":74,"type":"if","locations":[{"start":{"line":74,"column":4},"end":{"line":74,"column":4}},{"start":{"line":74,"column":4},"end":{"line":74,"column":4}}]},"11":{"line":82,"type":"if","locations":[{"start":{"line":82,"column":4},"end":{"line":82,"column":4}},{"start":{"line":82,"column":4},"end":{"line":82,"column":4}}]},"12":{"line":82,"type":"binary-expr","locations":[{"start":{"line":82,"column":8},"end":{"line":82,"column":32}},{"start":{"line":82,"column":36},"end":{"line":82,"column":72}}]},"13":{"line":84,"type":"if","locations":[{"start":{"line":84,"column":11},"end":{"line":84,"column":11}},{"start":{"line":84,"column":11},"end":{"line":84,"column":11}}]},"14":{"line":84,"type":"binary-expr","locations":[{"start":{"line":84,"column":15},"end":{"line":84,"column":39}},{"start":{"line":84,"column":43},"end":{"line":84,"column":79}}]},"15":{"line":86,"type":"if","locations":[{"start":{"line":86,"column":11},"end":{"line":86,"column":11}},{"start":{"line":86,"column":11},"end":{"line":86,"column":11}}]},"16":{"line":92,"type":"binary-expr","locations":[{"start":{"line":92,"column":12},"end":{"line":92,"column":39}},{"start":{"line":92,"column":43},"end":{"line":92,"column":81}}]}},"code":["/*jslint node: true */","'use strict';","","var fs = require('fs');","var path = require('path');","","// Since Node 0.8, .existsSync() moved from path to fs: ","var _existsSync = fs.existsSync || path.existsSync;","","var getFileKey = function(filePath) {","","    return path.basename(filePath);","","};","var udf;","","function FileInfo(file, opts, fields) {","    this.name = file.name;","    this.size = file.size;","    this.type = file.type;","    this.modified = file.lastMod;","    this.deleteType = 'DELETE';","    this.options = opts;","    this.key = getFileKey(file.path);","    this.versions = {};","    this.proccessed = false;","    this.width = udf;","    this.height = udf;","    this.fields = fields;","    if (opts.saveFile) {","        this.safeName();","    }","}","FileInfo.prototype.update = function(file) {","    this.size = file.size;","};","FileInfo.prototype.safeName = function() {","    var nameCountRegexp = /(?:(?: \\(([\\d]+)\\))?(\\.[^.]+))?$/;","","    function nameCountFunc(s, index, ext) {","        return ' (' + ((parseInt(index, 10) || 0) + 1) + ')' + (ext || '');","    }","","    // Prevent directory traversal and creating hidden system files:","    this.name = path.basename(this.name).replace(/^\\.+/, '');","    // Prevent overwriting existing files:","    while (_existsSync(this.options.uploadDir + '/' + this.name)) {","        this.name = this.name.replace(nameCountRegexp, nameCountFunc);","    }","};","","FileInfo.prototype.initUrls = function() {","","    var that = this;","    var baseUrl = (that.options.useSSL ? 'https:' : 'http:') + '//' + that.options.host + that.options.uploadUrl;","    if (this.error) return;","    if (!this.awsFile) {","        that.url = baseUrl + encodeURIComponent(that.name);","        that.deleteUrl = baseUrl + encodeURIComponent(that.name);","        if (!that.hasVersionImages()) return;","        Object.keys(that.options.imageVersions).forEach(function(version) {","            if (_existsSync(that.options.uploadDir + '/' + version + '/' + that.name)) {","                that[version + 'Url'] = baseUrl + version + '/' + encodeURIComponent(that.name);","            } else {","                // create version failed, use the default url as version url","                that[version + 'Url'] = that.url;","            }","        });","        return;","    }","","    that.url = that.awsFile.url;","    that.deleteUrl = that.options.uploadUrl + that.url.split('/')[that.url.split('/').length - 1].split('?')[0];","    if (!that.hasVersionImages()) return;","    Object.keys(that.options.imageVersions).forEach(function(version) {","        that[version + 'Url'] = that.url;","    });","","};","","FileInfo.prototype.validate = function() {","    if (this.options.minFileSize && this.options.minFileSize > this.size) {","        this.error = 'File is too small';","    } else if (this.options.maxFileSize && this.options.maxFileSize < this.size) {","        this.error = 'File is too big';","    } else if (!this.options.acceptFileTypes.test(this.name)) {","        this.error = 'Filetype not allowed';","    }","    return !this.error;","};","FileInfo.prototype.hasVersionImages = function() {","    return (this.options.copyImgAsThumb && this.options.imageTypes.test(this.url));","};","","module.exports = FileInfo;","","module.exports.getFileKey = getFileKey;",""],"l":{"4":1,"5":1,"8":1,"10":1,"12":0,"15":1,"17":1,"18":0,"19":0,"20":0,"21":0,"22":0,"23":0,"24":0,"25":0,"26":0,"27":0,"28":0,"29":0,"30":0,"31":0,"34":1,"35":0,"37":1,"38":0,"40":1,"41":0,"45":0,"47":0,"48":0,"52":1,"54":0,"55":0,"56":0,"57":0,"58":0,"59":0,"60":0,"61":0,"62":0,"63":0,"66":0,"69":0,"72":0,"73":0,"74":0,"75":0,"76":0,"81":1,"82":0,"83":0,"84":0,"85":0,"86":0,"87":0,"89":0,"91":1,"92":0,"95":1,"97":1}},"/home/travis/build/npmtest/node-npmtest-blueimp-file-upload-expressjs/node_modules/blueimp-file-upload-expressjs/lib/configs.js":{"path":"/home/travis/build/npmtest/node-npmtest-blueimp-file-upload-expressjs/node_modules/blueimp-file-upload-expressjs/lib/configs.js","s":{"1":1,"2":1,"3":0,"4":0,"5":0,"6":0,"7":0,"8":0,"9":0,"10":0,"11":0,"12":0,"13":0,"14":0,"15":0,"16":0,"17":0,"18":0,"19":0,"20":0,"21":0,"22":0,"23":0,"24":0,"25":0,"26":0,"27":0,"28":0,"29":0,"30":0,"31":0,"32":0,"33":0,"34":0,"35":0,"36":0,"37":0,"38":1},"b":{"1":[0,0],"2":[0,0],"3":[0,0],"4":[0,0,0],"5":[0,0],"6":[0,0],"7":[0,0],"8":[0,0],"9":[0,0],"10":[0,0],"11":[0,0],"12":[0,0],"13":[0,0],"14":[0,0],"15":[0,0,0]},"f":{"1":0,"2":0,"3":0,"4":0,"5":0},"fnMap":{"1":{"name":"(anonymous_1)","line":43,"loc":{"start":{"line":43,"column":10},"end":{"line":43,"column":24}}},"2":{"name":"(anonymous_2)","line":58,"loc":{"start":{"line":58,"column":17},"end":{"line":58,"column":34}}},"3":{"name":"(anonymous_3)","line":72,"loc":{"start":{"line":72,"column":41},"end":{"line":72,"column":59}}},"4":{"name":"(anonymous_4)","line":101,"loc":{"start":{"line":101,"column":13},"end":{"line":101,"column":23}}},"5":{"name":"(anonymous_5)","line":106,"loc":{"start":{"line":106,"column":59},"end":{"line":106,"column":77}}}},"statementMap":{"1":{"start":{"line":2,"column":0},"end":{"line":2,"column":50}},"2":{"start":{"line":4,"column":0},"end":{"line":120,"column":2}},"3":{"start":{"line":45,"column":8},"end":{"line":45,"column":26}},"4":{"start":{"line":47,"column":8},"end":{"line":50,"column":9}},"5":{"start":{"line":48,"column":12},"end":{"line":48,"column":56}},"6":{"start":{"line":48,"column":47},"end":{"line":48,"column":56}},"7":{"start":{"line":49,"column":12},"end":{"line":49,"column":30}},"8":{"start":{"line":52,"column":8},"end":{"line":52,"column":24}},"9":{"start":{"line":54,"column":8},"end":{"line":54,"column":20}},"10":{"start":{"line":60,"column":8},"end":{"line":64,"column":10}},"11":{"start":{"line":66,"column":8},"end":{"line":66,"column":49}},"12":{"start":{"line":66,"column":36},"end":{"line":66,"column":49}},"13":{"start":{"line":68,"column":8},"end":{"line":96,"column":9}},"14":{"start":{"line":70,"column":16},"end":{"line":70,"column":104}},"15":{"start":{"line":71,"column":16},"end":{"line":71,"column":107}},"16":{"start":{"line":72,"column":16},"end":{"line":76,"column":19}},"17":{"start":{"line":73,"column":20},"end":{"line":75,"column":21}},"18":{"start":{"line":74,"column":24},"end":{"line":74,"column":70}},"19":{"start":{"line":78,"column":12},"end":{"line":78,"column":18}},"20":{"start":{"line":81,"column":16},"end":{"line":83,"column":17}},"21":{"start":{"line":82,"column":20},"end":{"line":82,"column":51}},"22":{"start":{"line":84,"column":12},"end":{"line":84,"column":18}},"23":{"start":{"line":87,"column":16},"end":{"line":87,"column":66}},"24":{"start":{"line":88,"column":16},"end":{"line":92,"column":17}},"25":{"start":{"line":89,"column":20},"end":{"line":91,"column":21}},"26":{"start":{"line":90,"column":24},"end":{"line":90,"column":59}},"27":{"start":{"line":94,"column":12},"end":{"line":94,"column":18}},"28":{"start":{"line":98,"column":8},"end":{"line":98,"column":20}},"29":{"start":{"line":102,"column":8},"end":{"line":110,"column":9}},"30":{"start":{"line":103,"column":12},"end":{"line":103,"column":40}},"31":{"start":{"line":104,"column":12},"end":{"line":104,"column":43}},"32":{"start":{"line":105,"column":12},"end":{"line":109,"column":13}},"33":{"start":{"line":106,"column":16},"end":{"line":108,"column":1
[...]
,"    });","    if (configs.region) AWS.config.region = configs.region;","","    var api = {","        s3:new AWS.S3({computeChecksums:true}),","        configs:configs,","        options:opts,","        upload:function(fileName,filePath,callback){","            uploadFile(this.s3,fileName,filePath,this.configs,callback);    ","        },","        /**","         * get files","         */","        get:function(callback){","            var params = {","                Bucket: api.configs.bucketName // required","                //Delimiter: 'STRING_VALUE',","                //EncodingType: 'url',","                //Marker: 'STRING_VALUE',","                //MaxKeys: 0,","                //Prefix: 'STRING_VALUE',","            };","            var files = [];","            var options = this.options;","            api.s3.listObjects(params, function(err, data) {","                if (err) {","                    console.log(err, err.stack); ","                    return callback(err);","                }","                data.Contents.forEach(function(o) {","                    var sss = {","                        url: (options.useSSL ? 'https:' : 'http:') + '//s3.amazonaws.com/' + configs.bucketName + '/' + o.Key","                    };","                    var fileInfo = new FileInfo({","                        name: options.UUIDRegex.test(o.Key) ? o.Key.split('__')[1] : o.Key,","                        size: o.Size,","                        awsFile:sss","                    }, options);","                    fileInfo.initUrls();","                    files.push(fileInfo);","","                });","                callback(null,{files: files});","            });","        },","        post:function(fileInfo,file,finish){","            ","            this.upload(fileInfo.name, file.path, function(error,awsFile) {","                if(!error){","                    fileInfo.awsFile = awsFile;","                    fileInfo.initUrls();","                }","                finish(error,fileInfo);","            });","        },","        delete:function(req,res,callback){","            var options = api.options;","            var params = {","                Bucket: options.storage.aws.bucketName, // required","                Key: decodeURIComponent(req.url.split('/')[req.url.split('/').length - 1]) // required","            };","            console.log(params);","            this.s3.deleteObject(params, function(err, data) {","                if (err) {","                    console.log(err, err.stack); ","                    return callback(err);","                }","","                console.log(data); // successful response","                callback(null,data);","            });","    ","        }","    };","","    return api;","    ","};","","// AWS Random UUID","/* https://gist.github.com/jed/982883#file-index-js */","function b(a) {","  return a ? (a ^ Math.random() * 16 >> a / 4).toString(16) : ([1e7] + -1e3 + -4e3 + -8e3 + -1e11).replace(/[018]/g, b);","}","","function getContentTypeByFile(fileName) {","  var rc = 'application/octet-stream';","  var fn = fileName.toLowerCase();","","  if (fn.indexOf('.html') >= 0) rc = 'text/html';","  else if (fn.indexOf('.css') >= 0) rc = 'text/css';","  else if (fn.indexOf('.json') >= 0) rc = 'application/json';","  else if (fn.indexOf('.js') >= 0) rc = 'application/x-javascript';","  else if (fn.indexOf('.png') >= 0) rc = 'image/png';","  else if (fn.indexOf('.jpg') >= 0) rc = 'image/jpg';","","  return rc;","}","","function uploadFile(s3, fileName, filePath, opts, callback) {","  var fileBuffer = fs.readFileSync(filePath);","  var metaData = getContentTypeByFile(filePath);","  var remoteFilename = b() + '__' + fileName;","","  s3.putObject({","    ACL: opts.acl,","    Bucket: opts.bucketName,","    Key: remoteFilename,","    Body: fileBuffer,","    ContentType: metaData","  }, function(error) {","    var params = {","      Bucket: opts.bucketName,","      Key: remoteFilename","    };","","    var url = s3.getSignedUrl('getObject', params);","    ","    callback(error,{ url: url});","  });","}",""],"l":{"4":1,"5":1,"6":1,"7":1,"9":0,"12":0,"16":0,"18":0,"23":0,"29":0,"37":0,"38":0,"39":0,"40":0,"41":0,"42":0,"44":0,"45":0,"48":0,"53":0,"54":0,"57":0,"62":0,"63":0,"64":0,"65":0,"67":0,"71":0,"72":0,"76":0,"77":0,"78":0,"79":0,"80":0,"83":0,"84":0,"90":0,"96":1,"97":0,"100":1,"101":0,"102":0,"104":0,"105":0,"106":0,"107":0,"108":0,"109":0,"111":0,"114":1,"115":0,"116":0,"117":0,"119":0,"126":0,"131":0,"133":0}},"/home/travis/build/npmtest/node-npmtest-blueimp-file-upload-expressjs/node_modules/blueimp-file-upload-expressjs/lib/transport/local.js":{"path":"/home/travis/build/npmtest/node-npmtest-blueimp-file-upload-expressjs/node_modules/blueimp-file-upload-expressjs/lib/transport/local.js","s":{"1":2,"2":2,"3":2,"4":0,"5":0,"6":0,"7":0,"8":0,"9":0,"10":0,"11":0,"12":0,"13":0,"14":0,"15":0,"16":0,"17":0,"18":0,"19":0,"20":0,"21":0,"22":0,"23":0,"24":0,"25":0,"26":0,"27":0,"28":0,"29":0,"30":0,"31":0,"32":0,"33":0,"34":0,"35":0,"36":0,"37":0,"38":0,"39":0,"40":0,"41":0,"42":0,"43":0,"44":0,"45":0,"46":0,"47":0,"48":0,"49":0,"50":0,"51":0,"52":0,"53":0,"54":0,"55":0,"56":0,"57":0,"58":0,"59":0,"60":0,"61":0,"62":0,"63":0,"64":0,"65":0,"66":0,"67":0},"b":{"1":[0,0],"2":[0,0],"3":[0,0],"4":[0,0],"5":[0,0],"6":[0,0],"7":[0,0],"8":[0,0],"9":[0,0],"10":[0,0],"11":[0,0],"12":[0,0],"13":[0,0]},"f":{"1":0,"2":0,"3":0,"4":0,"5":0,"6":0,"7":0,"8":0,"9":0,"10":0,"11":0,"12":0,"13":0,"14":0,"15":0},"fnMap":{"1":{"name":"(anonymous_1)","line":8,"loc":{"start":{"line":8,"column":17},"end":{"line":8,"column":32}}},"2":{"name":"(anonymous_2)","line":15,"loc":{"start":{"line":15,"column":13},"end":{"line":15,"column":32}}},"3":{"name":"(anonymous_3)","line":20,"loc":{"start":{"line":20,"column":42},"end":{"line":20,"column":62}}},"4":{"name":"(anonymous_4)","line":21,"loc":{"start":{"line":21,"column":29},"end":{"line":21,"column":44}}},"5":{"name":"(anonymous_5)","line":38,"loc":{"start":{"line":38,"column":29},"end":{"line":38,"column":55}}},"6":{"name":"(anonymous_6)","line":43,"loc":{"start":{"line":43,"column":74},"end":{"line":43,"column":97}}},"7":{"name":"(anonymous_7)","line":58,"loc":{"start":{"line":58,"column":158},"end":{"line":58,"column":172}}},"8":{"name":"(anonymous_8)","line":69,"loc":{"start":{"line":69,"column":153},"end":{"line":69,"column":167}}},"9":{"name":"(anonymous_9)","line":78,"loc":{"start":{"line":78,"column":14},"end":{"line":78,"column":47}}},"10":{"name":"(anonymous_10)","line":94,"loc":{"start":{"line":94,"column":55},"end":{"line":94,"column":73}}},"11":{"name":"(anonymous_11)","line":104,"loc":{"start":{"line":104,"column":60},"end":{"line":104,"column":83}}},"12":{"name":"(anonymous_12)","line":106,"loc":{"start":{"line":106,"column":32},"end":{"line":106,"column":47}}},"13":{"name":"(anonymous_13)","line":121,"loc":{"start":{"line":121,"column":16},"end":{"line":121,"column":45}}},"14":{"name":"(anonymous_14)","line":127,"loc":{"start":{"line":127,"column":66},"end":{"line":127,"column":79}}},"15":{"name":"(anonymous_15)","line":128,"loc":{"start":{"line":128,"column":67},"end":{"line":128,"column":85}}}},"statementMap":{"1":{"start":{"line":2,"column":0},"end":{"line":2,"column":23}},"2":{"start":{"line":3,"column":0},"end":{"line":3,"column":41}},"3":{"start":{"line":4,"column":0},"end":{"line":4,"column":27}},"4":{"start":{"line":5,"column":0},"end":{"line":5,"column":27}},"5":{"start":{"line":6,"column":0},"end":{"line":6,"column":29}},"6":{"start":{"line":8,"column":0},"end":{"line":145,"column":2}},"7":{"start":{"line":10,"column":4},"end":{"line":141,"column":6}},"8":{"start":{"line":16,"column":12},"end":{"line":17,"column":39}},"9":{"start":{"line":19,"column":12},"end":{"line":19,"column":37}},"10":{"start":{"line":20,"column":12},"end":{"line":36,"column":15}},"11":{"start":{"line":21,"column":16},"end":{"line":32,"column":19}},"12":{"start":{"line":22,"column":20},"end":{"line":22,"column":76}},"13":{"start":{"line":23,"column":20},"end":{"line":31,"column":21}},"14":{"start":{"line":24,"column":24},"end":{"line":28,"column":36}},"15":{"start":{"line":29,"column":24},"end":{"line":29,"column":44}},"16":{"start":{"line":30,"column":24},"end":{"line":30,"column":45}},"17":{"start":{"line":33,"column":16},"end":{"line":35,"column":19}},"18":{"start":{"line":40,"column":12},"end":{"line":40,"column":38}},"19":{"start":{"line":41,"column":12},"end":{"line":41,"column":36}},"20":{"start":{"line":43,"column":12},"end":{"line":76,"column":15}},"21":{"start":{"line":45,"column":16},"end":{"line":45,"column":65}},"22":{"start":{"line":45,"column":27},"end":{"line":45,"column":65}},"23":{"start":{"line":48,"column":16},"end":{"line":51,"column":17}},"24":{"start":{"line":49,"column":20},"end":{"line":49,"column":64}},"25":{"start":{"line":50,"column":20},"end":{"line":50,"column":85}},"26":{"start":{"line":53,"column":16},"end":{"line":53,"column":70}},"27":{"start":{"line":54,"column":16},"end":{"line":66,"column":17}},"28":{"start":{"line":56,"column":20},"end":{"line":56,"column":47}},"29":{"start":{"line":57,"column":20},"end":{"line":57,"column":99}},"30":{"start":{"line":58,"column":20},"end":{"line":64,"column":23}},"31":{"start":{"line":59,"column":24},"end":{"line":62,"column":25}},"32":{"start":{"line":60,"column":28},"end":{"line":60,"column":45}},"33":{"start":{"line":61,"column":28},"end":{"line":61,"column":35}},"34":{"start":{"line":63,"column":24},"end":{"line":63,"column":42}},"35":{"start":{"line":65,"column":20},"end":{"line":65,"column":27}},"36":{"start":{"line":67,"column":16},"end":{"line":67,"column":43}},"37":{"start":{"line":68,"column":16},"end":{"line":68,"column":45}},"38":{"start":{"line":69,"column":16},"end":{"line":74,"column":19}},"39":{"start":{"line":70,"column":20},"end":{"line":72,"column":21}},"40":{"start":{"line":71,"column":24},"end":{"line":71,"column":48}},"41":{"start":{"line":73,"column":20},"end":{"line":73,"column":38}},"42":{"start":{"line":80,"column":12},"end":{"line":82,"column":34}},"43":{"start":{"line":85,"column":12},"end":{"line":85,"column":78}},"44":{"start":{"line":87,"column":12},"end":{"line":91,"column":13}},"45":{"start":{"line":88,"column":16},"end":{"line":88,"column":36}},"46":{"start":{"line":89,"column":16},"end":{"line":89,"column":43}},"47":{"start":{"line":90,"column":16},"end":{"line":90,"column":46}},"48":{"start":{"line":94,"column":12},"end":{"line":101,"column":15}},"49":{"start":{"line":96,"column":16},"end":{"line":99,"column":19}},"50":{"start":{"line":104,"column":12},"end":{"line":117,"column":15}},"51":{"start":{"line":106,"column":16},"end":{"line":112,"column":19}},"52":{"start":{"line":107,"column":20},"end":{"line":111,"column":22}},"53":{"start":{"line":113,"column":16},"end":{"line":113,"column":36}},"54":{"start":{"line":114,"column":16},"end":{"line":114,"column":43}},"55":{"start":{"line":115,"column":16},"end":{"line":115,"column":38}},"56":{"start":{"line":122,"column":12},"end":{"line":122,"column":39}},"57":{"start":{"line":123,"column":12},"end":{"line":123,"column":30}},"58":{"start":{"line":124,"column":12},"end":{"line":138,"column":13}},"59":{"start":{"line":125,"column":16},"end":{"line":125,"column":70}},"60":{"start":{"line":126,"column":16},"end":{"line":137,"column":17}},"61":{"start":{"line":127,"column":20},"end":{"line":135,"column":23}},"62":{"start":{"line":128,"column":24},"end":{"line":131,"column":27}},"63":{"start":{"line":130,"column":28},"end":{"line":130,"column":90}},"64":{"start":{"line":132,"column":24},"end":{"line":134,"column":27}},"65":{"start":{"line":136,"column":20},"end":{"line":136,"column":27}},"66":{"start":{"line":139,"column":12},"end":{"line":139,"column":71}},"67":{"start":{"line":143,"column":4},"end":{"line":143,"column":15}}},"branchMap":{"1":{"line":23,"type":"if","locations":[{"start":{"line":23,"column":20},"end":{"line":23,"column":20}},{"start":{"line":23,"column":20},"end":{"line":23,"column":20}}]},"2":{"line":23,"type":"binary-expr","locations":[{"start":{"line":23,"column":24},"end":{"line":23,"column":38}},{"start":{"line":23,"column":42},"end":{"line":23,"column":57}}]},"3":{"line":45,"type":"if","locations":[{"start":{"line":45,"column":16},"end":{"line":45,"column":16}},{"start":{"line":45,"column":16},"end":{"line":45,"column":16}}]},"4":{"line":48,"type":"if","locations":[{"start":{"line":48,"column":16},"end":{"line":48,"column":16}},{"start":{"line":48,"column":16},"end":{"line":48,"column":16}}]},"5":{"line":49,"type":"binary-expr","locations":[{"start":{"line":49,"column":44},"end":{"line":49,"column":57}},{"start":{"line":49,"column":61},"end":{"line":49,"column":63}}]},"6":{"line":50,"type":"binary-expr","locations":[{"start":{"line":50,"column":45},"end":{"line":50,"column":59}},{"start":{"line":50,"column":63},"end":{"line":50,"column":84}}]},"7":{"line":54,"type":"if","locations":[{"start":{"line":54,"column":16},"end":{"line":54,"column":16}},{"start":{"line":54,"column":16},"end":{"line":54,"column":16}}]},"8":{"line":59,"type":"if","locations":[{"start":{"line":59,"column":24},"end":{"line":59,"column":24}},{"start":{"line":59,"column":24},"end":{"line":59,"column":24}}]},"9":{"line":70,"type":"if","locations":[{"start":{"line":70,"column":20},"end":{"line":70,"column":20}},{"start":{"line":70,"column":20},"end":{"line":70,"column":20}}]},"10":{"line":87,"type":"if","locations":[{"start":{"line":87,"column":12},"end":{"line":87,"column":12}},{"start":{"line":87,"column":12},"end":{"line":87,"column":12}}]},"11":{"line":87,"type":"binary-expr","locations":[{"start":{"line":87,"column":17},"end":{"line":87,"column":40}},{"start":{"line":87,"column":46},"end":{"line":87,"column":85}}]},"12":{"line":124,"type":"if","locations":[{"start":{"line":124,"column":12},"end":{"line":124,"column":12}},{"start":{"line":124,"column":12},"end":{"line":124,"column":12}}]},"13":{"line":126,"type":"if","locations":[{"start":{"line":126,"column":16},"end":{"line":126,"column":16}},{"start":{"line":126,"column":16},"end":{"line":126,"column":16}}]}},"code":["/*jslint node: true */","var fs = require('fs');","var FileInfo = require('../fileinfo.js');","var lwip = require('lwip');","var path = require('path');","var async = require('async');","","module.exports = function(opts) {","","    var api = {","        options: opts,","        /**","         * get files","         */","        get: function(callback) {","            var files = [],","                options = this.options;","            // fix #41","            options.saveFile = false;","            fs.readdir(options.uploadDir, function(err, list) {","                list.forEach(function(name) {","                    var stats = fs.statSync(options.uploadDir + '/' + name);","                    if (stats.isFile() && name[0] !== '.') {","                        var fileInfo = new FileInfo({","                            name: name,","                            size: stats.size,","                            lastMod: stats.mtime","                        }, options);","                        fileInfo.initUrls();","                        files.push(fileInfo);","                    }","                });","                callback(null, {","                    files: files","                });","            });","        },","        proccessVersionFile: function(versionObj, cbk) {","","            var options = api.options;","            var retVal = versionObj;","","            lwip.open(options.uploadDir + '/' + versionObj.fileInfo.name, function(error, image) {","","                if (error) return cbk(error, versionObj.version);","","                //update pics width and height","                if (!retVal.fileInfo.width) {","                    retVal.fileInfo.width = image.width() || 50; //incase we don't get a valid width","                    retVal.fileInfo.height = image.height() || retVal.fileInfo.width;","                }","","                var opts0 = options.imageVersions[versionObj.version];","                if (opts0.height == 'auto') {","","                    retVal.width = opts0.width;","                    retVal.height = (opts0.width / retVal.fileInfo.width) * retVal.fileInfo.height;","                    image.batch().resize(opts0.width, retVal.height).writeFile(options.uploadDir + '/' + versionObj.version + '/' + versionObj.fileInfo.name, function(err) {","                        if (err) {","                            cbk(err, retVal);","                            return;","                        }","                        cbk(null, retVal);","                    });","                    return;","                }","                retVal.width = opts0.width;","                retVal.height = opts0.height;","                image.batch().resize(opts0.width, opts0.height).writeFile(options.uploadDir + '/' + versionObj.version + '/' + versionObj.fileInfo.name, function(err) {","                    if (err) {","                        return cbk(err, retVal);","                    }","                    cbk(null, retVal);","                });","","            });","        },","        post: function(fileInfo, file, finish) {","","            var me = this,","                options = this.options,","                versionFuncs = [];","","","            fs.renameSync(file.path, options.uploadDir + '/' + fileInfo.name);","","            if ((!options.copyImgAsThumb) || (!options.imageTypes.test(fileInfo.name))) {","                fileInfo.initUrls();","                fileInfo.proccessed = true;","                return finish(null, fileInfo);","            }","","","            Object.keys(options.imageVersions).forEach(function(version) {","","                versionFuncs.push({","                    version: version,","                    fileInfo: fileInfo","                });","","            });","","","            async.map(versionFuncs, me.proccessVersionFile, function(err, results) {","","                results.forEach(function(v, i) {","                    fileInfo.versions[v.version] = {","                        err: v.err,","                        width: v.width,","                        height: v.height","                    };","                });","                fileInfo.initUrls();","                fileInfo.proccessed = true;","                finish(err, fileInfo);","","            });","","","        },","        delete: function(req, res, callback) {","            var options = this.options;","            var fileName = '';","            if (req.url.slice(0, options.uploadUrl.length) === options.uploadUrl) {","                fileName = path.basename(decodeURIComponent(req.url));","                if (fileName[0] !== '.') {","                    fs.unlink(options.uploadDir + '/' + fileName, function(ex) {","                        Object.keys(options.imageVersions).forEach(function(version) {","                            // TODO - Missing callback","                            fs.unlink(options.uploadDir + '/' + version + '/' + fileName);","                        });","                        callback(null, {","                            success: true","                        });","                    });","                    return;","                }","            }","            callback(new Error('File name invalid:' + fileName), null);","        }","    };","","    return api;","","};",""],"l":{"2":2,"3":2,"4":2,"5":0,"6":0,"8":0,"10":0,"16":0,"19":0,"20":0,"21":0,"22":0,"23":0,"24":0,"29":0,"30":0,"33":0,"40":0,"41":0,"43":0,"45":0,"48":0,"49":0,"50":0,"53":0,"54":0,"56":0,"57":0,"58":0,"59":0,"60":0,"61":0,"63":0,"65":0,"67":0,"68":0,"69":0,"70":0,"71":0,"73":0,"80":0,"85":0,"87":0,"88":0,"89":0,"90":0,"94":0,"96":0,"104":0,"106":0,"107":0,"113":0,"114":0,"115":0,"122":0,"123":0,"124":0,"125":0,"126":0,"127":0,"128":0,"130":0,"132":0,"136":0,"139":0,"143":0}}}